This is pdfTeX, Version 3.14159265-2.6-1.40.16 (TeX Live 2015) (preloaded format=pdflatex 2016.5.13)  6 MAY 2019 19:59
entering extended mode
 restricted \write18 enabled.
 %&-line parsing enabled.
**Defense.tex
(./Defense.tex
LaTeX2e <2016/03/31>
Babel <3.9q> and hyphenation patterns for 81 language(s) loaded.
(/usr/local/texlive/2015/texmf-dist/tex/latex/beamer/beamer.cls
(/usr/local/texlive/2015/texmf-dist/tex/latex/beamer/beamerbasercs.sty
Package: beamerbasercs 2015/03/08 (rcs-revision 368aa9ba9d38)
)
Document Class: beamer 2015/01/05 3.36 A class for typesetting presentations (r
cs-revision 8a39122e1f63)
(/usr/local/texlive/2015/texmf-dist/tex/latex/beamer/beamerbasemodes.sty
Package: beamerbasemodes 2013/09/03 (rcs-revision 768f2d98ca64)
\beamer@tempbox=\box26
\beamer@tempcount=\count79
\c@beamerpauses=\count80

(/usr/local/texlive/2015/texmf-dist/tex/latex/beamer/beamerbasedecode.sty
Package: beamerbasedecode 2010/05/01 (rcs-revision efa082c6111d)
\beamer@slideinframe=\count81
\beamer@minimum=\count82
)
\beamer@commentbox=\box27
\beamer@modecount=\count83
)
(/usr/local/texlive/2015/texmf-dist/tex/generic/oberdiek/ifpdf.sty
Package: ifpdf 2011/01/30 v2.3 Provides the ifpdf switch (HO)
Package ifpdf Info: pdfTeX in PDF mode is detected.
)
\headheight=\dimen102
\headdp=\dimen103
\footheight=\dimen104
\sidebarheight=\dimen105
\beamer@tempdim=\dimen106
\beamer@finalheight=\dimen107
\beamer@animht=\dimen108
\beamer@animdp=\dimen109
\beamer@animwd=\dimen110
\beamer@leftmargin=\dimen111
\beamer@rightmargin=\dimen112
\beamer@leftsidebar=\dimen113
\beamer@rightsidebar=\dimen114
\beamer@boxsize=\dimen115
\beamer@vboxoffset=\dimen116
\beamer@descdefault=\dimen117
\beamer@descriptionwidth=\dimen118
\beamer@lastskip=\skip41
\beamer@areabox=\box28
\beamer@animcurrent=\box29
\beamer@animshowbox=\box30
\beamer@sectionbox=\box31
\beamer@logobox=\box32
\beamer@linebox=\box33
\beamer@sectioncount=\count84
\beamer@subsubsectionmax=\count85
\beamer@subsectionmax=\count86
\beamer@sectionmax=\count87
\beamer@totalheads=\count88
\beamer@headcounter=\count89
\beamer@partstartpage=\count90
\beamer@sectionstartpage=\count91
\beamer@subsectionstartpage=\count92
\beamer@animationtempa=\count93
\beamer@animationtempb=\count94
\beamer@xpos=\count95
\beamer@ypos=\count96
\beamer@showpartnumber=\count97
\beamer@currentsubsection=\count98
\beamer@coveringdepth=\count99
\beamer@sectionadjust=\count100
\beamer@tocsectionnumber=\count101

(/usr/local/texlive/2015/texmf-dist/tex/latex/beamer/beamerbaseoptions.sty
Package: beamerbaseoptions 2013/03/10 (rcs-revision 47431932db0d)

(/usr/local/texlive/2015/texmf-dist/tex/latex/graphics/keyval.sty
Package: keyval 2014/10/28 v1.15 key=value parser (DPC)
\KV@toks@=\toks14
))
\beamer@paperwidth=\skip42
\beamer@paperheight=\skip43

(/usr/local/texlive/2015/texmf-dist/tex/latex/geometry/geometry.sty
Package: geometry 2010/09/12 v5.6 Page Geometry

(/usr/local/texlive/2015/texmf-dist/tex/generic/oberdiek/ifvtex.sty
Package: ifvtex 2010/03/01 v1.5 Detect VTeX and its facilities (HO)
Package ifvtex Info: VTeX not detected.
)
(/usr/local/texlive/2015/texmf-dist/tex/generic/ifxetex/ifxetex.sty
Package: ifxetex 2010/09/12 v0.6 Provides ifxetex conditional
)
\Gm@cnth=\count102
\Gm@cntv=\count103
\c@Gm@tempcnt=\count104
\Gm@bindingoffset=\dimen119
\Gm@wd@mp=\dimen120
\Gm@odd@mp=\dimen121
\Gm@even@mp=\dimen122
\Gm@layoutwidth=\dimen123
\Gm@layoutheight=\dimen124
\Gm@layouthoffset=\dimen125
\Gm@layoutvoffset=\dimen126
\Gm@dimlist=\toks15
)
(/usr/local/texlive/2015/texmf-dist/tex/latex/base/size10.clo
File: size10.clo 2014/09/29 v1.4h Standard LaTeX file (size option)
)
(/usr/local/texlive/2015/texmf-dist/tex/latex/pgf/basiclayer/pgfcore.sty
(/usr/local/texlive/2015/texmf-dist/tex/latex/graphics/graphicx.sty
Package: graphicx 2014/10/28 v1.0g Enhanced LaTeX Graphics (DPC,SPQR)

(/usr/local/texlive/2015/texmf-dist/tex/latex/graphics/graphics.sty
Package: graphics 2016/01/03 v1.0q Standard LaTeX Graphics (DPC,SPQR)

(/usr/local/texlive/2015/texmf-dist/tex/latex/graphics/trig.sty
Package: trig 2016/01/03 v1.10 sin cos tan (DPC)
)
(/usr/local/texlive/2015/texmf-dist/tex/latex/latexconfig/graphics.cfg
File: graphics.cfg 2010/04/23 v1.9 graphics configuration of TeX Live
)
Package graphics Info: Driver file: pdftex.def on input line 95.

(/usr/local/texlive/2015/texmf-dist/tex/latex/pdftex-def/pdftex.def
File: pdftex.def 2011/05/27 v0.06d Graphics/color for pdfTeX

(/usr/local/texlive/2015/texmf-dist/tex/generic/oberdiek/infwarerr.sty
Package: infwarerr 2010/04/08 v1.3 Providing info/warning/error messages (HO)
)
(/usr/local/texlive/2015/texmf-dist/tex/generic/oberdiek/ltxcmds.sty
Package: ltxcmds 2011/11/09 v1.22 LaTeX kernel commands for general use (HO)
)
\Gread@gobject=\count105
))
\Gin@req@height=\dimen127
\Gin@req@width=\dimen128
)
(/usr/local/texlive/2015/texmf-dist/tex/latex/pgf/systemlayer/pgfsys.sty
(/usr/local/texlive/2015/texmf-dist/tex/latex/pgf/utilities/pgfrcs.sty
(/usr/local/texlive/2015/texmf-dist/tex/generic/pgf/utilities/pgfutil-common.te
x
\pgfutil@everybye=\toks16
\pgfutil@tempdima=\dimen129
\pgfutil@tempdimb=\dimen130

(/usr/local/texlive/2015/texmf-dist/tex/generic/pgf/utilities/pgfutil-common-li
sts.tex))
(/usr/local/texlive/2015/texmf-dist/tex/generic/pgf/utilities/pgfutil-latex.def
\pgfutil@abb=\box34
(/usr/local/texlive/2015/texmf-dist/tex/latex/ms/everyshi.sty
Package: everyshi 2001/05/15 v3.00 EveryShipout Package (MS)
))
(/usr/local/texlive/2015/texmf-dist/tex/generic/pgf/utilities/pgfrcs.code.tex
Package: pgfrcs 2015/08/07 v3.0.1a (rcs-revision 1.31)
))
(/usr/local/texlive/2015/texmf-dist/tex/generic/pgf/systemlayer/pgfsys.code.tex
Package: pgfsys 2014/07/09 v3.0.1a (rcs-revision 1.48)
(/usr/local/texlive/2015/texmf-dist/tex/generic/pgf/utilities/pgfkeys.code.tex
\pgfkeys@pathtoks=\toks17
\pgfkeys@temptoks=\toks18

(/usr/local/texlive/2015/texmf-dist/tex/generic/pgf/utilities/pgfkeysfiltered.c
ode.tex
\pgfkeys@tmptoks=\toks19
))
\pgf@x=\dimen131
\pgf@y=\dimen132
\pgf@xa=\dimen133
\pgf@ya=\dimen134
\pgf@xb=\dimen135
\pgf@yb=\dimen136
\pgf@xc=\dimen137
\pgf@yc=\dimen138
\w@pgf@writea=\write3
\r@pgf@reada=\read1
\c@pgf@counta=\count106
\c@pgf@countb=\count107
\c@pgf@countc=\count108
\c@pgf@countd=\count109
\t@pgf@toka=\toks20
\t@pgf@tokb=\toks21
\t@pgf@tokc=\toks22

(/usr/local/texlive/2015/texmf-dist/tex/generic/pgf/systemlayer/pgf.cfg
File: pgf.cfg 2008/05/14  (rcs-revision 1.7)
)
Driver file for pgf: pgfsys-pdftex.def

(/usr/local/texlive/2015/texmf-dist/tex/generic/pgf/systemlayer/pgfsys-pdftex.d
ef
File: pgfsys-pdftex.def 2014/10/11  (rcs-revision 1.35)

(/usr/local/texlive/2015/texmf-dist/tex/generic/pgf/systemlayer/pgfsys-common-p
df.def
File: pgfsys-common-pdf.def 2013/10/10  (rcs-revision 1.13)
)))
(/usr/local/texlive/2015/texmf-dist/tex/generic/pgf/systemlayer/pgfsyssoftpath.
code.tex
File: pgfsyssoftpath.code.tex 2013/09/09  (rcs-revision 1.9)
\pgfsyssoftpath@smallbuffer@items=\count110
\pgfsyssoftpath@bigbuffer@items=\count111
)
(/usr/local/texlive/2015/texmf-dist/tex/generic/pgf/systemlayer/pgfsysprotocol.
code.tex
File: pgfsysprotocol.code.tex 2006/10/16  (rcs-revision 1.4)
)) (/usr/local/texlive/2015/texmf-dist/tex/latex/xcolor/xcolor.sty
Package: xcolor 2007/01/21 v2.11 LaTeX color extensions (UK)

(/usr/local/texlive/2015/texmf-dist/tex/latex/latexconfig/color.cfg
File: color.cfg 2007/01/18 v1.5 color configuration of teTeX/TeXLive
)
Package xcolor Info: Driver file: pdftex.def on input line 225.
Package xcolor Info: Model `cmy' substituted by `cmy0' on input line 1337.
Package xcolor Info: Model `hsb' substituted by `rgb' on input line 1341.
Package xcolor Info: Model `RGB' extended on input line 1353.
Package xcolor Info: Model `HTML' substituted by `rgb' on input line 1355.
Package xcolor Info: Model `Hsb' substituted by `hsb' on input line 1356.
Package xcolor Info: Model `tHsb' substituted by `hsb' on input line 1357.
Package xcolor Info: Model `HSB' substituted by `hsb' on input line 1358.
Package xcolor Info: Model `Gray' substituted by `gray' on input line 1359.
Package xcolor Info: Model `wave' substituted by `hsb' on input line 1360.
)
(/usr/local/texlive/2015/texmf-dist/tex/generic/pgf/basiclayer/pgfcore.code.tex
Package: pgfcore 2010/04/11 v3.0.1a (rcs-revision 1.7)
(/usr/local/texlive/2015/texmf-dist/tex/generic/pgf/math/pgfmath.code.tex
(/usr/local/texlive/2015/texmf-dist/tex/generic/pgf/math/pgfmathcalc.code.tex
(/usr/local/texlive/2015/texmf-dist/tex/generic/pgf/math/pgfmathutil.code.tex)
(/usr/local/texlive/2015/texmf-dist/tex/generic/pgf/math/pgfmathparser.code.tex
\pgfmath@dimen=\dimen139
\pgfmath@count=\count112
\pgfmath@box=\box35
\pgfmath@toks=\toks23
\pgfmath@stack@operand=\toks24
\pgfmath@stack@operation=\toks25
)
(/usr/local/texlive/2015/texmf-dist/tex/generic/pgf/math/pgfmathfunctions.code.
tex
(/usr/local/texlive/2015/texmf-dist/tex/generic/pgf/math/pgfmathfunctions.basic
.code.tex)
(/usr/local/texlive/2015/texmf-dist/tex/generic/pgf/math/pgfmathfunctions.trigo
nometric.code.tex)
(/usr/local/texlive/2015/texmf-dist/tex/generic/pgf/math/pgfmathfunctions.rando
m.code.tex)
(/usr/local/texlive/2015/texmf-dist/tex/generic/pgf/math/pgfmathfunctions.compa
rison.code.tex)
(/usr/local/texlive/2015/texmf-dist/tex/generic/pgf/math/pgfmathfunctions.base.
code.tex)
(/usr/local/texlive/2015/texmf-dist/tex/generic/pgf/math/pgfmathfunctions.round
.code.tex)
(/usr/local/texlive/2015/texmf-dist/tex/generic/pgf/math/pgfmathfunctions.misc.
code.tex)
(/usr/local/texlive/2015/texmf-dist/tex/generic/pgf/math/pgfmathfunctions.integ
erarithmetics.code.tex)))
(/usr/local/texlive/2015/texmf-dist/tex/generic/pgf/math/pgfmathfloat.code.tex
\c@pgfmathroundto@lastzeros=\count113
))
(/usr/local/texlive/2015/texmf-dist/tex/generic/pgf/basiclayer/pgfcorepoints.co
de.tex
File: pgfcorepoints.code.tex 2013/10/07  (rcs-revision 1.27)
\pgf@picminx=\dimen140
\pgf@picmaxx=\dimen141
\pgf@picminy=\dimen142
\pgf@picmaxy=\dimen143
\pgf@pathminx=\dimen144
\pgf@pathmaxx=\dimen145
\pgf@pathminy=\dimen146
\pgf@pathmaxy=\dimen147
\pgf@xx=\dimen148
\pgf@xy=\dimen149
\pgf@yx=\dimen150
\pgf@yy=\dimen151
\pgf@zx=\dimen152
\pgf@zy=\dimen153
)
(/usr/local/texlive/2015/texmf-dist/tex/generic/pgf/basiclayer/pgfcorepathconst
ruct.code.tex
File: pgfcorepathconstruct.code.tex 2013/10/07  (rcs-revision 1.29)
\pgf@path@lastx=\dimen154
\pgf@path@lasty=\dimen155
)
(/usr/local/texlive/2015/texmf-dist/tex/generic/pgf/basiclayer/pgfcorepathusage
.code.tex
File: pgfcorepathusage.code.tex 2014/11/02  (rcs-revision 1.24)
\pgf@shorten@end@additional=\dimen156
\pgf@shorten@start@additional=\dimen157
)
(/usr/local/texlive/2015/texmf-dist/tex/generic/pgf/basiclayer/pgfcorescopes.co
de.tex
File: pgfcorescopes.code.tex 2015/05/08  (rcs-revision 1.46)
\pgfpic=\box36
\pgf@hbox=\box37
\pgf@layerbox@main=\box38
\pgf@picture@serial@count=\count114
)
(/usr/local/texlive/2015/texmf-dist/tex/generic/pgf/basiclayer/pgfcoregraphicst
ate.code.tex
File: pgfcoregraphicstate.code.tex 2014/11/02  (rcs-revision 1.12)
\pgflinewidth=\dimen158
)
(/usr/local/texlive/2015/texmf-dist/tex/generic/pgf/basiclayer/pgfcoretransform
ations.code.tex
File: pgfcoretransformations.code.tex 2015/08/07  (rcs-revision 1.20)
\pgf@pt@x=\dimen159
\pgf@pt@y=\dimen160
\pgf@pt@temp=\dimen161
)
(/usr/local/texlive/2015/texmf-dist/tex/generic/pgf/basiclayer/pgfcorequick.cod
e.tex
File: pgfcorequick.code.tex 2008/10/09  (rcs-revision 1.3)
)
(/usr/local/texlive/2015/texmf-dist/tex/generic/pgf/basiclayer/pgfcoreobjects.c
ode.tex
File: pgfcoreobjects.code.tex 2006/10/11  (rcs-revision 1.2)
)
(/usr/local/texlive/2015/texmf-dist/tex/generic/pgf/basiclayer/pgfcorepathproce
ssing.code.tex
File: pgfcorepathprocessing.code.tex 2013/09/09  (rcs-revision 1.9)
)
(/usr/local/texlive/2015/texmf-dist/tex/generic/pgf/basiclayer/pgfcorearrows.co
de.tex
File: pgfcorearrows.code.tex 2015/05/14  (rcs-revision 1.43)
\pgfarrowsep=\dimen162
)
(/usr/local/texlive/2015/texmf-dist/tex/generic/pgf/basiclayer/pgfcoreshade.cod
e.tex
File: pgfcoreshade.code.tex 2013/07/15  (rcs-revision 1.15)
\pgf@max=\dimen163
\pgf@sys@shading@range@num=\count115
)
(/usr/local/texlive/2015/texmf-dist/tex/generic/pgf/basiclayer/pgfcoreimage.cod
e.tex
File: pgfcoreimage.code.tex 2013/07/15  (rcs-revision 1.18)

(/usr/local/texlive/2015/texmf-dist/tex/generic/pgf/basiclayer/pgfcoreexternal.
code.tex
File: pgfcoreexternal.code.tex 2014/07/09  (rcs-revision 1.21)
\pgfexternal@startupbox=\box39
))
(/usr/local/texlive/2015/texmf-dist/tex/generic/pgf/basiclayer/pgfcorelayers.co
de.tex
File: pgfcorelayers.code.tex 2013/07/18  (rcs-revision 1.7)
)
(/usr/local/texlive/2015/texmf-dist/tex/generic/pgf/basiclayer/pgfcoretranspare
ncy.code.tex
File: pgfcoretransparency.code.tex 2013/09/30  (rcs-revision 1.5)
)
(/usr/local/texlive/2015/texmf-dist/tex/generic/pgf/basiclayer/pgfcorepatterns.
code.tex
File: pgfcorepatterns.code.tex 2013/11/07  (rcs-revision 1.5)
)))
(/usr/local/texlive/2015/texmf-dist/tex/latex/pgf/utilities/xxcolor.sty
Package: xxcolor 2003/10/24 ver 0.1
\XC@nummixins=\count116
\XC@countmixins=\count117
)
(/usr/local/texlive/2015/texmf-dist/tex/generic/oberdiek/atbegshi.sty
Package: atbegshi 2011/10/05 v1.16 At begin shipout hook (HO)
)
(/usr/local/texlive/2015/texmf-dist/tex/latex/hyperref/hyperref.sty
Package: hyperref 2012/11/06 v6.83m Hypertext links for LaTeX

(/usr/local/texlive/2015/texmf-dist/tex/generic/oberdiek/hobsub-hyperref.sty
Package: hobsub-hyperref 2012/05/28 v1.13 Bundle oberdiek, subset hyperref (HO)


(/usr/local/texlive/2015/texmf-dist/tex/generic/oberdiek/hobsub-generic.sty
Package: hobsub-generic 2012/05/28 v1.13 Bundle oberdiek, subset generic (HO)
Package: hobsub 2012/05/28 v1.13 Construct package bundles (HO)
Package hobsub Info: Skipping package `infwarerr' (already loaded).
Package hobsub Info: Skipping package `ltxcmds' (already loaded).
Package: ifluatex 2010/03/01 v1.3 Provides the ifluatex switch (HO)
Package ifluatex Info: LuaTeX not detected.
Package hobsub Info: Skipping package `ifvtex' (already loaded).
Package: intcalc 2007/09/27 v1.1 Expandable calculations with integers (HO)
Package hobsub Info: Skipping package `ifpdf' (already loaded).
Package: etexcmds 2011/02/16 v1.5 Avoid name clashes with e-TeX commands (HO)
Package etexcmds Info: Could not find \expanded.
(etexcmds)             That can mean that you are not using pdfTeX 1.50 or
(etexcmds)             that some package has redefined \expanded.
(etexcmds)             In the latter case, load this package earlier.
Package: kvsetkeys 2012/04/25 v1.16 Key value parser (HO)
Package: kvdefinekeys 2011/04/07 v1.3 Define keys (HO)
Package: pdftexcmds 2011/11/29 v0.20 Utility functions of pdfTeX for LuaTeX (HO
)
Package pdftexcmds Info: LuaTeX not detected.
Package pdftexcmds Info: \pdf@primitive is available.
Package pdftexcmds Info: \pdf@ifprimitive is available.
Package pdftexcmds Info: \pdfdraftmode found.
Package: pdfescape 2011/11/25 v1.13 Implements pdfTeX's escape features (HO)
Package: bigintcalc 2012/04/08 v1.3 Expandable calculations on big integers (HO
)
Package: bitset 2011/01/30 v1.1 Handle bit-vector datatype (HO)
Package: uniquecounter 2011/01/30 v1.2 Provide unlimited unique counter (HO)
)
Package hobsub Info: Skipping package `hobsub' (already loaded).
Package: letltxmacro 2010/09/02 v1.4 Let assignment for LaTeX macros (HO)
Package: hopatch 2012/05/28 v1.2 Wrapper for package hooks (HO)
Package: xcolor-patch 2011/01/30 xcolor patch
Package: atveryend 2011/06/30 v1.8 Hooks at the very end of document (HO)
Package atveryend Info: \enddocument detected (standard20110627).
Package hobsub Info: Skipping package `atbegshi' (already loaded).
Package: refcount 2011/10/16 v3.4 Data extraction from label references (HO)
Package: hycolor 2011/01/30 v1.7 Color options for hyperref/bookmark (HO)
)
(/usr/local/texlive/2015/texmf-dist/tex/latex/oberdiek/auxhook.sty
Package: auxhook 2011/03/04 v1.3 Hooks for auxiliary files (HO)
)
(/usr/local/texlive/2015/texmf-dist/tex/latex/oberdiek/kvoptions.sty
Package: kvoptions 2011/06/30 v3.11 Key value format for package options (HO)
)
\@linkdim=\dimen164
\Hy@linkcounter=\count118
\Hy@pagecounter=\count119

(/usr/local/texlive/2015/texmf-dist/tex/latex/hyperref/pd1enc.def
File: pd1enc.def 2012/11/06 v6.83m Hyperref: PDFDocEncoding definition (HO)
)
\Hy@SavedSpaceFactor=\count120

(/usr/local/texlive/2015/texmf-dist/tex/latex/latexconfig/hyperref.cfg
File: hyperref.cfg 2002/06/06 v1.2 hyperref configuration of TeXLive
)
Package hyperref Info: Option `bookmarks' set `true' on input line 4319.
Package hyperref Info: Option `bookmarksopen' set `true' on input line 4319.
Package hyperref Info: Option `implicit' set `false' on input line 4319.
Package hyperref Info: Hyper figures OFF on input line 4443.
Package hyperref Info: Link nesting OFF on input line 4448.
Package hyperref Info: Hyper index ON on input line 4451.
Package hyperref Info: Plain pages OFF on input line 4458.
Package hyperref Info: Backreferencing OFF on input line 4463.
Package hyperref Info: Implicit mode OFF; no redefinition of LaTeX internals.
Package hyperref Info: Bookmarks ON on input line 4688.
\c@Hy@tempcnt=\count121

(/usr/local/texlive/2015/texmf-dist/tex/latex/url/url.sty
\Urlmuskip=\muskip10
Package: url 2013/09/16  ver 3.4  Verb mode for urls, etc.
)
LaTeX Info: Redefining \url on input line 5041.
\XeTeXLinkMargin=\dimen165
\Fld@menulength=\count122
\Field@Width=\dimen166
\Fld@charsize=\dimen167
Package hyperref Info: Hyper figures OFF on input line 6295.
Package hyperref Info: Link nesting OFF on input line 6300.
Package hyperref Info: Hyper index ON on input line 6303.
Package hyperref Info: backreferencing OFF on input line 6310.
Package hyperref Info: Link coloring OFF on input line 6315.
Package hyperref Info: Link coloring with OCG OFF on input line 6320.
Package hyperref Info: PDF/A mode OFF on input line 6325.
LaTeX Info: Redefining \ref on input line 6365.
LaTeX Info: Redefining \pageref on input line 6369.
\Hy@abspage=\count123


Package hyperref Message: Stopped early.

)

Package hyperref Message: Driver (autodetected): hpdftex.

(/usr/local/texlive/2015/texmf-dist/tex/latex/hyperref/hpdftex.def
File: hpdftex.def 2012/11/06 v6.83m Hyperref driver for pdfTeX
\Fld@listcount=\count124
\c@bookmark@seq@number=\count125

(/usr/local/texlive/2015/texmf-dist/tex/latex/oberdiek/rerunfilecheck.sty
Package: rerunfilecheck 2011/04/15 v1.7 Rerun checks for auxiliary files (HO)
Package uniquecounter Info: New unique counter `rerunfilecheck' on input line 2
82.
))
(/usr/local/texlive/2015/texmf-dist/tex/latex/beamer/beamerbaserequires.sty
Package: beamerbaserequires 2010/05/01  (rcs-revision efa082c6111d)

(/usr/local/texlive/2015/texmf-dist/tex/latex/beamer/beamerbasecompatibility.st
y
Package: beamerbasecompatibility 2012/05/01  (rcs-revision 67c48b3b652d)
) (/usr/local/texlive/2015/texmf-dist/tex/latex/beamer/beamerbasefont.sty
Package: beamerbasefont 2015/01/05  (rcs-revision b4b4bee242e2)

(/usr/local/texlive/2015/texmf-dist/tex/latex/amsfonts/amssymb.sty
Package: amssymb 2013/01/14 v3.01 AMS font symbols

(/usr/local/texlive/2015/texmf-dist/tex/latex/amsfonts/amsfonts.sty
Package: amsfonts 2013/01/14 v3.01 Basic AMSFonts support
\@emptytoks=\toks26
\symAMSa=\mathgroup4
\symAMSb=\mathgroup5
LaTeX Font Info:    Overwriting math alphabet `\mathfrak' in version `bold'
(Font)                  U/euf/m/n --> U/euf/b/n on input line 106.
))
(/usr/local/texlive/2015/texmf-dist/tex/latex/sansmathaccent/sansmathaccent.sty
Package: sansmathaccent 2013/03/28
(/usr/local/texlive/2015/texmf-dist/tex/latex/filehook/filehook.sty
Package: filehook 2011/10/12 v0.5d Hooks for input files
)))
(/usr/local/texlive/2015/texmf-dist/tex/latex/beamer/beamerbasetranslator.sty
Package: beamerbasetranslator 2010/06/11  (rcs-revision 85fd1cc7fc42)

(/usr/local/texlive/2015/texmf-dist/tex/latex/beamer/translator/translator.sty
Package: translator 2010/06/12 ver 1.10

(/usr/local/texlive/2015/texmf-dist/tex/latex/beamer/translator/translator-lang
uage-mappings.tex)))
(/usr/local/texlive/2015/texmf-dist/tex/latex/beamer/beamerbasemisc.sty
Package: beamerbasemisc 2013/09/03  (rcs-revision a55719c41d85)
)
(/usr/local/texlive/2015/texmf-dist/tex/latex/beamer/beamerbasetwoscreens.sty
Package: beamerbasetwoscreens 2010/05/01  (rcs-revision efa082c6111d)
)
(/usr/local/texlive/2015/texmf-dist/tex/latex/beamer/beamerbaseoverlay.sty
Package: beamerbaseoverlay 2013/12/25  (rcs-revision f6bd5e3805da)
\beamer@argscount=\count126
\beamer@lastskipcover=\skip44
\beamer@trivlistdepth=\count127
)
(/usr/local/texlive/2015/texmf-dist/tex/latex/beamer/beamerbasetitle.sty
Package: beamerbasetitle 2010/09/21  (rcs-revision f0446ed0b6ae)
)
(/usr/local/texlive/2015/texmf-dist/tex/latex/beamer/beamerbasesection.sty
Package: beamerbasesection 2013/06/07  (rcs-revision 60b9fe0f342f)
\c@lecture=\count128
\c@part=\count129
\c@section=\count130
\c@subsection=\count131
\c@subsubsection=\count132
)
(/usr/local/texlive/2015/texmf-dist/tex/latex/beamer/beamerbaseframe.sty
Package: beamerbaseframe 2014/02/20  (rcs-revision 4b8ceeeff434)
\beamer@framebox=\box40
\beamer@frametitlebox=\box41
\beamer@zoombox=\box42
\beamer@zoomcount=\count133
\beamer@zoomframecount=\count134
\beamer@frametextheight=\dimen168
\c@subsectionslide=\count135
\beamer@frametopskip=\skip45
\beamer@framebottomskip=\skip46
\beamer@frametopskipautobreak=\skip47
\beamer@framebottomskipautobreak=\skip48
\beamer@envbody=\toks27
\framewidth=\dimen169
\c@framenumber=\count136
)
(/usr/local/texlive/2015/texmf-dist/tex/latex/beamer/beamerbaseverbatim.sty
Package: beamerbaseverbatim 2015/01/05  (rcs-revision 431510bb5890)
\beamer@verbatimfileout=\write4
)
(/usr/local/texlive/2015/texmf-dist/tex/latex/beamer/beamerbaseframesize.sty
Package: beamerbaseframesize 2011/09/12  (rcs-revision 70f9d8411e54)
\beamer@splitbox=\box43
\beamer@autobreakcount=\count137
\beamer@autobreaklastheight=\dimen170
\beamer@frametitletoks=\toks28
\beamer@framesubtitletoks=\toks29
)
(/usr/local/texlive/2015/texmf-dist/tex/latex/beamer/beamerbaseframecomponents.
sty
Package: beamerbaseframecomponents 2013/10/18  (rcs-revision 5cf6c5555a45)
\beamer@footins=\box44
) (/usr/local/texlive/2015/texmf-dist/tex/latex/beamer/beamerbasecolor.sty
Package: beamerbasecolor 2015/02/21  (rcs-revision d944b04ee2d5)
)
(/usr/local/texlive/2015/texmf-dist/tex/latex/beamer/beamerbasenotes.sty
Package: beamerbasenotes 2012/12/19  (rcs-revision 1686da3db3c9)
\beamer@frameboxcopy=\box45
)
(/usr/local/texlive/2015/texmf-dist/tex/latex/beamer/beamerbasetoc.sty
Package: beamerbasetoc 2015/03/08  (rcs-revision 7270298bbaae)
)
(/usr/local/texlive/2015/texmf-dist/tex/latex/beamer/beamerbasetemplates.sty
Package: beamerbasetemplates 2010/05/01  (rcs-revision efa082c6111d)
\beamer@sbttoks=\toks30

(/usr/local/texlive/2015/texmf-dist/tex/latex/beamer/beamerbaseauxtemplates.sty
Package: beamerbaseauxtemplates 2014/06/30  (rcs-revision 580088513a67)
(/usr/local/texlive/2015/texmf-dist/tex/latex/beamer/beamerbaseboxes.sty
Package: beamerbaseboxes 2012/05/13  (rcs-revision 56972908a390)
\bmb@box=\box46
\bmb@colorbox=\box47
\bmb@boxshadow=\box48
\bmb@boxshadowball=\box49
\bmb@boxshadowballlarge=\box50
\bmb@temp=\dimen171
\bmb@dima=\dimen172
\bmb@dimb=\dimen173
\bmb@prevheight=\dimen174
)
\beamer@blockheadheight=\dimen175
))
(/usr/local/texlive/2015/texmf-dist/tex/latex/beamer/beamerbaselocalstructure.s
ty
Package: beamerbaselocalstructure 2014/09/10  (rcs-revision 393f6dcff371)
 (/usr/local/texlive/2015/texmf-dist/tex/latex/tools/enumerate.sty
Package: enumerate 2015/07/23 v3.00 enumerate extensions (DPC)
\@enLab=\toks31
)
\c@figure=\count138
\c@table=\count139
\abovecaptionskip=\skip49
\belowcaptionskip=\skip50
)
(/usr/local/texlive/2015/texmf-dist/tex/latex/beamer/beamerbasenavigation.sty
Package: beamerbasenavigation 2015/02/27  (rcs-revision 923f4bf87efa)
\beamer@section@min@dim=\dimen176
)
(/usr/local/texlive/2015/texmf-dist/tex/latex/beamer/beamerbasetheorems.sty
Package: beamerbasetheorems 2010/06/06  (rcs-revision 7e7cc5e53e9d)

(/usr/local/texlive/2015/texmf-dist/tex/latex/amsmath/amsmath.sty
Package: amsmath 2016/03/10 v2.15b AMS math features
\@mathmargin=\skip51

For additional information on amsmath, use the `?' option.
(/usr/local/texlive/2015/texmf-dist/tex/latex/amsmath/amstext.sty
Package: amstext 2000/06/29 v2.01 AMS text

(/usr/local/texlive/2015/texmf-dist/tex/latex/amsmath/amsgen.sty
File: amsgen.sty 1999/11/30 v2.0 generic functions
\@emptytoks=\toks32
\ex@=\dimen177
))
(/usr/local/texlive/2015/texmf-dist/tex/latex/amsmath/amsbsy.sty
Package: amsbsy 1999/11/29 v1.2d Bold Symbols
\pmbraise@=\dimen178
)
(/usr/local/texlive/2015/texmf-dist/tex/latex/amsmath/amsopn.sty
Package: amsopn 2016/03/08 v2.02 operator names
)
\inf@bad=\count140
LaTeX Info: Redefining \frac on input line 199.
\uproot@=\count141
\leftroot@=\count142
LaTeX Info: Redefining \overline on input line 297.
\classnum@=\count143
\DOTSCASE@=\count144
LaTeX Info: Redefining \ldots on input line 394.
LaTeX Info: Redefining \dots on input line 397.
LaTeX Info: Redefining \cdots on input line 518.
\Mathstrutbox@=\box51
\strutbox@=\box52
\big@size=\dimen179
LaTeX Font Info:    Redeclaring font encoding OML on input line 634.
LaTeX Font Info:    Redeclaring font encoding OMS on input line 635.
\macc@depth=\count145
\c@MaxMatrixCols=\count146
\dotsspace@=\muskip11
\c@parentequation=\count147
\dspbrk@lvl=\count148
\tag@help=\toks33
\row@=\count149
\column@=\count150
\maxfields@=\count151
\andhelp@=\toks34
\eqnshift@=\dimen180
\alignsep@=\dimen181
\tagshift@=\dimen182
\tagwidth@=\dimen183
\totwidth@=\dimen184
\lineht@=\dimen185
\@envbody=\toks35
\multlinegap=\skip52
\multlinetaggap=\skip53
\mathdisplay@stack=\toks36
LaTeX Info: Redefining \[ on input line 2739.
LaTeX Info: Redefining \] on input line 2740.
)
(/usr/local/texlive/2015/texmf-dist/tex/latex/amscls/amsthm.sty
Package: amsthm 2015/03/04 v2.20.2
\thm@style=\toks37
\thm@bodyfont=\toks38
\thm@headfont=\toks39
\thm@notefont=\toks40
\thm@headpunct=\toks41
\thm@preskip=\skip54
\thm@postskip=\skip55
\thm@headsep=\skip56
\dth@everypar=\toks42
)
\c@theorem=\count152
)
(/usr/local/texlive/2015/texmf-dist/tex/latex/beamer/beamerbasethemes.sty
Package: beamerbasethemes 2010/05/01  (rcs-revision efa082c6111d)
))
(/usr/local/texlive/2015/texmf-dist/tex/latex/beamer/themes/theme/beamerthemede
fault.sty
Package: beamerthemedefault 2010/06/17  (rcs-revision d02a7cf4d8ae)

(/usr/local/texlive/2015/texmf-dist/tex/latex/beamer/themes/font/beamerfontthem
edefault.sty
Package: beamerfontthemedefault 2012/12/19  (rcs-revision 1686da3db3c9)
)
(/usr/local/texlive/2015/texmf-dist/tex/latex/beamer/themes/color/beamercolorth
emedefault.sty
Package: beamercolorthemedefault 2012/12/19  (rcs-revision 1686da3db3c9)
)
(/usr/local/texlive/2015/texmf-dist/tex/latex/beamer/themes/inner/beamerinnerth
emedefault.sty
Package: beamerinnerthemedefault 2014/06/30  (rcs-revision 580088513a67)
\beamer@dima=\dimen186
\beamer@dimb=\dimen187
)
(/usr/local/texlive/2015/texmf-dist/tex/latex/beamer/themes/outer/beamerouterth
emedefault.sty
Package: beamerouterthemedefault 2012/12/19  (rcs-revision 1686da3db3c9)
)))
(/usr/local/texlive/2015/texmf-dist/tex/latex/base/fontenc.sty
Package: fontenc 2005/09/27 v1.99g Standard LaTeX package

(/usr/local/texlive/2015/texmf-dist/tex/latex/base/t1enc.def
File: t1enc.def 2005/09/27 v1.99g Standard LaTeX file
LaTeX Font Info:    Redeclaring font encoding T1 on input line 48.
))
(/usr/local/texlive/2015/texmf-dist/tex/latex/fancyvrb/fancyvrb.sty
Package: fancyvrb 2008/02/07

Style option: `fancyvrb' v2.7a, with DG/SPQR fixes, and firstline=lastline fix 
<2008/02/07> (tvz)
\FV@CodeLineNo=\count153
\FV@InFile=\read2
\FV@TabBox=\box53
\c@FancyVerbLine=\count154
\FV@StepNumber=\count155
\FV@OutFile=\write5
)
(/usr/local/texlive/2015/texmf-dist/tex/latex/animate/animate.sty
Package: animate 2016/03/22 PDF animations from files and inline graphics

(/usr/local/texlive/2015/texmf-dist/tex/latex/base/ifthen.sty
Package: ifthen 2014/09/29 v1.1c Standard LaTeX ifthen package (DPC)
)
(/usr/local/texlive/2015/texmf-dist/tex/latex/oberdiek/ifdraft.sty
Package: ifdraft 2008/08/11 v1.3 Detect class options draft and final (HO)
)
(/usr/local/texlive/2015/texmf-dist/tex/latex/tools/calc.sty
Package: calc 2014/10/28 v4.3 Infix arithmetic (KKT,FJ)
\calc@Acount=\count156
\calc@Bcount=\count157
\calc@Adimen=\dimen188
\calc@Bdimen=\dimen189
\calc@Askip=\skip57
\calc@Bskip=\skip58
LaTeX Info: Redefining \setlength on input line 80.
LaTeX Info: Redefining \addtolength on input line 81.
\calc@Ccount=\count158
\calc@Cskip=\skip59
)
(/usr/local/texlive/2015/texmf-dist/tex/latex/oberdiek/atenddvi.sty
Package: atenddvi 2007/04/17 v1.1 At end DVI hook (HO)

(/usr/local/texlive/2015/texmf-dist/tex/latex/oberdiek/zref-abspage.sty
Package: zref-abspage 2012/04/04 v2.24 Module abspage for zref (HO)

(/usr/local/texlive/2015/texmf-dist/tex/latex/oberdiek/zref-base.sty
Package: zref-base 2012/04/04 v2.24 Module base for zref (HO)
Package zref Info: New property list: main on input line 759.
Package zref Info: New property: default on input line 760.
Package zref Info: New property: page on input line 761.
)
\c@abspage=\count159
Package zref Info: New property: abspage on input line 62.
)
(/usr/local/texlive/2015/texmf-dist/tex/latex/oberdiek/zref-lastpage.sty
Package: zref-lastpage 2012/04/04 v2.24 Module lastpage for zref (HO)
Package zref Info: New property list: LastPage on input line 55.
))
(/usr/local/texlive/2015/texmf-dist/tex/latex/animate/animfp.sty
Package: animfp 2009/07/23 fixed point addition for animate.sty
\afp@xs=\count160
\afp@xia=\count161
\afp@xib=\count162
\afp@xfa=\count163
\afp@xfb=\count164
\afp@rega=\count165
\afp@regb=\count166
\afp@regs=\count167
)
(/usr/local/texlive/2015/texmf-dist/tex/latex/media9/pdfbase.sty
(/usr/local/texlive/2015/texmf-dist/tex/latex/l3kernel/expl3.sty
Package: expl3 2016/03/28 v6468 L3 programming layer (loader) 

(/usr/local/texlive/2015/texmf-dist/tex/latex/l3kernel/expl3-code.tex
Package: expl3 2016/03/28 v6468 L3 programming layer (code)
L3 Module: l3bootstrap 2016/02/12 v6412 L3 Bootstrap code
L3 Module: l3names 2016/03/11 v6433 L3 Namespace for primitives
L3 Module: l3basics 2015/11/22 v6315 L3 Basic definitions
L3 Module: l3expan 2015/09/10 v5983 L3 Argument expansion
L3 Module: l3tl 2016/03/26 v6465 L3 Token lists
L3 Module: l3str 2016/03/24 v6441 L3 Strings
L3 Module: l3seq 2015/08/05 v5777 L3 Sequences and stacks
L3 Module: l3int 2016/03/24 v6441 L3 Integers
\c_max_int=\count168
\l_tmpa_int=\count169
\l_tmpb_int=\count170
\g_tmpa_int=\count171
\g_tmpb_int=\count172
L3 Module: l3quark 2015/08/17 v5855 L3 Quarks
L3 Module: l3prg 2015/11/01 v6216 L3 Control structures
\g__prg_map_int=\count173
L3 Module: l3clist 2015/09/02 v5901 L3 Comma separated lists
L3 Module: l3token 2016/03/26 v6465 L3 Experimental token manipulation
L3 Module: l3prop 2016/01/05 v6366 L3 Property lists
L3 Module: l3msg 2016/03/26 v6464 L3 Messages
L3 Module: l3file 2016/03/25 v6458 L3 File and I/O operations
\l_iow_line_count_int=\count174
\l__iow_target_count_int=\count175
\l__iow_current_line_int=\count176
\l__iow_current_word_int=\count177
\l__iow_current_indentation_int=\count178
L3 Module: l3skip 2016/01/05 v6366 L3 Dimensions and skips
\c_zero_dim=\dimen190
\c_max_dim=\dimen191
\l_tmpa_dim=\dimen192
\l_tmpb_dim=\dimen193
\g_tmpa_dim=\dimen194
\g_tmpb_dim=\dimen195
\c_zero_skip=\skip60
\c_max_skip=\skip61
\l_tmpa_skip=\skip62
\l_tmpb_skip=\skip63
\g_tmpa_skip=\skip64
\g_tmpb_skip=\skip65
\c_zero_muskip=\muskip12
\c_max_muskip=\muskip13
\l_tmpa_muskip=\muskip14
\l_tmpb_muskip=\muskip15
\g_tmpa_muskip=\muskip16
\g_tmpb_muskip=\muskip17
L3 Module: l3keys 2015/11/17 v6284 L3 Key-value interfaces
\g__keyval_level_int=\count179
\l_keys_choice_int=\count180
L3 Module: l3fp 2016/03/26 v6465 L3 Floating points
\c__fp_leading_shift_int=\count181
\c__fp_middle_shift_int=\count182
\c__fp_trailing_shift_int=\count183
\c__fp_big_leading_shift_int=\count184
\c__fp_big_middle_shift_int=\count185
\c__fp_big_trailing_shift_int=\count186
\c__fp_Bigg_leading_shift_int=\count187
\c__fp_Bigg_middle_shift_int=\count188
\c__fp_Bigg_trailing_shift_int=\count189
L3 Module: l3box 2015/08/09 v5822 L3 Experimental boxes
\c_empty_box=\box54
\l_tmpa_box=\box55
\l_tmpb_box=\box56
\g_tmpa_box=\box57
\g_tmpb_box=\box58
L3 Module: l3coffins 2016/03/24 v6440 L3 Coffin code layer
\l__coffin_internal_box=\box59
\l__coffin_internal_dim=\dimen196
\l__coffin_offset_x_dim=\dimen197
\l__coffin_offset_y_dim=\dimen198
\l__coffin_x_dim=\dimen199
\l__coffin_y_dim=\dimen256
\l__coffin_x_prime_dim=\dimen257
\l__coffin_y_prime_dim=\dimen258
\c_empty_coffin=\box60
\l__coffin_aligned_coffin=\box61
\l__coffin_aligned_internal_coffin=\box62
\l_tmpa_coffin=\box63
\l_tmpb_coffin=\box64
\l__coffin_display_coffin=\box65
\l__coffin_display_coord_coffin=\box66
\l__coffin_display_pole_coffin=\box67
\l__coffin_display_offset_dim=\dimen259
\l__coffin_display_x_dim=\dimen260
\l__coffin_display_y_dim=\dimen261
L3 Module: l3color 2014/08/23 v5354 L3 Experimental color support
L3 Module: l3sys 2015/09/25 v6087 L3 Experimental system/runtime functions
L3 Module: l3candidates 2016/03/25 v6456 L3 Experimental additions to l3kernel
\l__box_top_dim=\dimen262
\l__box_bottom_dim=\dimen263
\l__box_left_dim=\dimen264
\l__box_right_dim=\dimen265
\l__box_top_new_dim=\dimen266
\l__box_bottom_new_dim=\dimen267
\l__box_left_new_dim=\dimen268
\l__box_right_new_dim=\dimen269
\l__box_internal_box=\box68
\l__coffin_bounding_shift_dim=\dimen270
\l__coffin_left_corner_dim=\dimen271
\l__coffin_right_corner_dim=\dimen272
\l__coffin_bottom_corner_dim=\dimen273
\l__coffin_top_corner_dim=\dimen274
\l__coffin_scaled_total_height_dim=\dimen275
\l__coffin_scaled_width_dim=\dimen276
L3 Module: l3luatex 2016/03/26 v6465 L3 Experimental LuaTeX-specific functions
)
(/usr/local/texlive/2015/texmf-dist/tex/latex/l3kernel/l3pdfmode.def
File: l3pdfmode.def 2016/03/26 v6465 L3 Experimental driver: PDF mode
\l__driver_color_stack_int=\count190
))
(/usr/local/texlive/2015/texmf-dist/tex/latex/l3packages/l3keys2e/l3keys2e.sty
Package: l3keys2e 2016/03/28 v6468 LaTeX2e option processing using LaTeX3 keys
)
Package: pdfbase 2016/03/22 v0.8 driver independent access to low-level PDF fea
tures
\g_pbs_oc_int=\count191
) (/usr/local/texlive/2015/texmf-dist/tex/latex/ocgx2/ocgbase.sty
Package: ocgbase 2016/03/11 v0.6 support package for ocgx2.sty
)
(/usr/local/texlive/2015/texmf-dist/tex/context/base/supp-pdf.mkii
[Loading MPS to PDF converter (version 2006.09.02).]
\scratchcounter=\count192
\scratchdimen=\dimen277
\scratchbox=\box69
\nofMPsegments=\count193
\nofMParguments=\count194
\everyMPshowfont=\toks43
\MPscratchCnt=\count195
\MPscratchDim=\dimen278
\MPnumerator=\count196
\makeMPintoPDFobject=\count197
\everyMPtoPDFconversion=\toks44
)
\@anim@box=\box70
\@anim@measbox=\box71
\@anim@tmpdima=\dimen279
\@anim@tmpdimb=\dimen280
\@anim@num=\count198
\@anim@curframe=\count199
\@anim@curframe@zb=\count266
\@anim@resizeflags=\count267
\@anim@skipfram=\count268
\@anim@mulframecnt=\count269
\@anim@@tmlnfile=\read3
\@anim@tmpcnt=\count270
\c@@anim@ltxcnt=\count271
\@anim@curlayer=\count272
\@anim@lineno=\count273
\@anim@curfield=\count274
\@anim@@resizeflags=\count275
) (/usr/local/texlive/2015/texmf-dist/tex/latex/natbib/natbib.sty
Package: natbib 2010/09/13 8.31b (PWD, AO)
\bibhang=\skip66
\bibsep=\skip67
LaTeX Info: Redefining \cite on input line 694.
\c@NAT@ctr=\count276
)
(/usr/local/texlive/2015/texmf-dist/tex/latex/natbib/bibentry.sty
Package: bibentry 2007/10/30 1.5 (PWD)
)
(/usr/local/texlive/2015/texmf-dist/tex/latex/relsize/relsize.sty
Package: relsize 2013/03/29 ver 4.1
)
(/usr/local/texlive/2015/texmf-dist/tex/latex/pgf/utilities/pgfpages.sty
Package: pgfpages 2011/01/05 ver 0.02
\pgf@logicalpages=\count277
\pgf@firstshipout=\count278
\pgf@lastshipout=\count279
\pgf@currentshipout=\count280
\pgf@cpn=\count281
\pgf@shipoutnextto=\count282
\pgfphysicalheight=\dimen281
\pgfphysicalwidth=\dimen282
\pgfpages@shipoutbox=\box72
)
\sympureletters=\mathgroup6
LaTeX Font Info:    Overwriting symbol font `pureletters' in version `bold'
(Font)                  OT1/mathkerncmss/m/sl --> OT1/mathkerncmss/bx/sl on inp
ut line 16.

(/usr/local/texlive/2015/texmf-dist/tex/latex/tools/bm.sty
Package: bm 2016/02/27 v1.2a Bold Symbol Support (DPC/FMi)
\symboldoperators=\mathgroup7
\symboldletters=\mathgroup8
\symboldsymbols=\mathgroup9
\symboldpureletters=\mathgroup10
LaTeX Font Info:    Redeclaring math alphabet \mathbf on input line 142.
LaTeX Info: Redefining \bm on input line 208.
)
(/usr/local/texlive/2015/texmf-dist/tex/latex/blkarray/blkarray.sty
Package: blkarray 2015/02/27 v0.07 Block array (dpc)
\c@BAenumi=\count283
\BA@col=\count284
\BA@block@cnt=\count285
\BA@final@box=\box73
\BA@first@box=\box74
\BA@colsep=\dimen283
\BA@ftn=\toks45
\BAextrarowheight=\dimen284
\BAextraheightafterhline=\dimen285
\BAarrayrulewidth=\dimen286
\BAdoublerulesep=\dimen287
\BAfootskip=\dimen288
\BA@dashbox=\box75
\BA@ddashbox=\box76
)
(/usr/local/texlive/2015/texmf-dist/tex/latex/mathtools/mathtools.sty
Package: mathtools 2015/11/12 v1.18 mathematical typesetting tools

(/usr/local/texlive/2015/texmf-dist/tex/latex/mathtools/mhsetup.sty
Package: mhsetup 2010/01/21 v1.2a programming setup (MH)
)
LaTeX Info: Thecontrolsequence`\('isalreadyrobust on input line 129.
LaTeX Info: Thecontrolsequence`\)'isalreadyrobust on input line 129.
LaTeX Info: Thecontrolsequence`\['isalreadyrobust on input line 129.
LaTeX Info: Thecontrolsequence`\]'isalreadyrobust on input line 129.
\g_MT_multlinerow_int=\count286
\l_MT_multwidth_dim=\dimen289
\origjot=\skip68
\l_MT_shortvdotswithinadjustabove_dim=\dimen290
\l_MT_shortvdotswithinadjustbelow_dim=\dimen291
\l_MT_above_intertext_sep=\dimen292
\l_MT_below_intertext_sep=\dimen293
\l_MT_above_shortintertext_sep=\dimen294
\l_MT_below_shortintertext_sep=\dimen295
)
(/usr/local/texlive/2015/texmf-dist/tex/latex/adjustbox/adjustbox.sty
Package: adjustbox 2012/05/21 v1.0 Adjusting TeX boxes (trim, clip, ...)

(/usr/local/texlive/2015/texmf-dist/tex/latex/xkeyval/xkeyval.sty
Package: xkeyval 2014/12/03 v2.7a package option processing (HA)

(/usr/local/texlive/2015/texmf-dist/tex/generic/xkeyval/xkeyval.tex
(/usr/local/texlive/2015/texmf-dist/tex/generic/xkeyval/xkvutils.tex
\XKV@toks=\toks46
\XKV@tempa@toks=\toks47
)
\XKV@depth=\count287
File: xkeyval.tex 2014/12/03 v2.7a key=value parser (HA)
))
(/usr/local/texlive/2015/texmf-dist/tex/latex/adjustbox/adjcalc.sty
Package: adjcalc 2012/05/16 v1.1 Provides advanced setlength with multiple back
-ends (calc, etex, pgfmath)
)
(/usr/local/texlive/2015/texmf-dist/tex/latex/adjustbox/trimclip.sty
Package: trimclip 2012/05/16 v1.0 Trim and clip general TeX material

(/usr/local/texlive/2015/texmf-dist/tex/latex/collectbox/collectbox.sty
Package: collectbox 2012/05/17 v0.4b Collect macro arguments as boxes
\collectedbox=\box77
)
\tc@llx=\dimen296
\tc@lly=\dimen297
\tc@urx=\dimen298
\tc@ury=\dimen299
Package trimclip Info: Using driver 'tc-pdftex.def'.

(/usr/local/texlive/2015/texmf-dist/tex/latex/adjustbox/tc-pdftex.def
File: tc-pdftex.def 2012/05/13 v1.0 Clipping driver for pdftex
))
\adjbox@Width=\dimen300
\adjbox@Height=\dimen301
\adjbox@Depth=\dimen302
\adjbox@Totalheight=\dimen303

(/usr/local/texlive/2015/texmf-dist/tex/latex/ifoddpage/ifoddpage.sty
Package: ifoddpage 2011/09/13 v1.0 Conditionals for odd/even page detection
\c@checkoddpage=\count288
)
(/usr/local/texlive/2015/texmf-dist/tex/latex/varwidth/varwidth.sty
Package: varwidth 2009/03/30 ver 0.92;  Variable-width minipages
\@vwid@box=\box78
\sift@deathcycles=\count289
\@vwid@loff=\dimen304
\@vwid@roff=\dimen305
))
(/usr/local/texlive/2015/texmf-dist/tex/latex/booktabs/booktabs.sty
Package: booktabs 2005/04/14 v1.61803 publication quality tables
\heavyrulewidth=\dimen306
\lightrulewidth=\dimen307
\cmidrulewidth=\dimen308
\belowrulesep=\dimen309
\belowbottomsep=\dimen310
\aboverulesep=\dimen311
\abovetopsep=\dimen312
\cmidrulesep=\dimen313
\cmidrulekern=\dimen314
\defaultaddspace=\dimen315
\@cmidla=\count290
\@cmidlb=\count291
\@aboverulesep=\dimen316
\@belowrulesep=\dimen317
\@thisruleclass=\count292
\@lastruleclass=\count293
\@thisrulewidth=\dimen318
)
(/usr/local/texlive/2015/texmf-dist/tex/latex/tools/longtable.sty
Package: longtable 2014/10/28 v4.11 Multi-page Table package (DPC)
\LTleft=\skip69
\LTright=\skip70
\LTpre=\skip71
\LTpost=\skip72
\LTchunksize=\count294
\LTcapwidth=\dimen319
\LT@head=\box79
\LT@firsthead=\box80
\LT@foot=\box81
\LT@lastfoot=\box82
\LT@cols=\count295
\LT@rows=\count296
\c@LT@tables=\count297
\c@LT@chunks=\count298
\LT@p@ftn=\toks48
)
(/usr/local/texlive/2015/texmf-dist/tex/latex/tools/array.sty
Package: array 2014/10/28 v2.4c Tabular extension package (FMi)
\col@sep=\dimen320
\extrarowheight=\dimen321
\NC@list=\toks49
\extratabsurround=\skip73
\backup@length=\skip74
)
(/usr/local/texlive/2015/texmf-dist/tex/latex/multirow/multirow.sty
\bigstrutjot=\dimen322
)
(/usr/local/texlive/2015/texmf-dist/tex/latex/wrapfig/wrapfig.sty
\wrapoverhang=\dimen323
\WF@size=\dimen324
\c@WF@wrappedlines=\count299
\WF@box=\box83
\WF@everypar=\toks50
Package: wrapfig 2003/01/31  v 3.6
)
(/usr/local/texlive/2015/texmf-dist/tex/latex/float/float.sty
Package: float 2001/11/08 v1.3d Float enhancements (AL)
\c@float@type=\count300
\float@exts=\toks51
\float@box=\box84
\@float@everytoks=\toks52
\@floatcapt=\box85
)
(/usr/local/texlive/2015/texmf-dist/tex/latex/colortbl/colortbl.sty
Package: colortbl 2012/02/13 v1.0a Color table columns (DPC)
\everycr=\toks53
\minrowclearance=\skip75
)
(/usr/local/texlive/2015/texmf-dist/tex/latex/oberdiek/pdflscape.sty
Package: pdflscape 2008/08/11 v0.10 Display of landscape pages in PDF (HO)

(/usr/local/texlive/2015/texmf-dist/tex/latex/graphics/lscape.sty
Package: lscape 2000/10/22 v3.01 Landscape Pages (DPC)
)
Package pdflscape Info: Auto-detected driver: pdftex on input line 80.
)
(/usr/local/texlive/2015/texmf-dist/tex/latex/tabu/tabu.sty
Package: tabu 2011/02/26 v2.8 - flexible LaTeX tabulars (FC)
\c@taburow=\count301
\tabu@nbcols=\count302
\tabu@cnt=\count303
\tabu@Xcol=\count304
\tabu@alloc=\count305
\tabu@nested=\count306
\tabu@target=\dimen325
\tabu@spreadtarget=\dimen326
\tabu@naturalX=\dimen327
\tabucolX=\dimen328
\tabu@Xsum=\dimen329
\extrarowdepth=\dimen330
\abovetabulinesep=\dimen331
\belowtabulinesep=\dimen332
\tabustrutrule=\dimen333
\tabu@thebody=\toks54
\tabu@footnotes=\toks55
\tabu@box=\box86
\tabu@arstrutbox=\box87
\tabu@hleads=\box88
\tabu@vleads=\box89
\tabu@cellskip=\skip76
)
(/usr/local/texlive/2015/texmf-dist/tex/latex/threeparttable/threeparttable.sty
Package: threeparttable 2003/06/13  v 3.0
\@tempboxb=\box90
)
(/usr/local/texlive/2015/texmf-dist/tex/latex/threeparttablex/threeparttablex.s
ty
Package: threeparttablex 2013/07/23 v0.3 by daleif
 (/usr/local/texlive/2015/texmf-dist/tex/latex/environ/environ.sty
Package: environ 2014/05/04 v0.3 A new way to define environments

(/usr/local/texlive/2015/texmf-dist/tex/latex/trimspaces/trimspaces.sty
Package: trimspaces 2009/09/17 v1.1 Trim spaces around a token list
))
\TPTL@width=\skip77
)
(/usr/local/texlive/2015/texmf-dist/tex/generic/ulem/ulem.sty
\UL@box=\box91
\UL@hyphenbox=\box92
\UL@skip=\skip78
\UL@hook=\toks56
\UL@height=\dimen334
\UL@pe=\count307
\UL@pixel=\dimen335
\ULC@box=\box93
Package: ulem 2012/05/18
\ULdepth=\dimen336
)
(/usr/local/texlive/2015/texmf-dist/tex/latex/makecell/makecell.sty
Package: makecell 2009/08/03 V0.1e Managing of Tab Column Heads and Cells
\rotheadsize=\dimen337
\c@nlinenum=\count308
\TeXr@lab=\toks57
)
Package hyperref Info: Option `unicode' set `true' on input line 54.

(/usr/local/texlive/2015/texmf-dist/tex/latex/hyperref/puenc.def
File: puenc.def 2012/11/06 v6.83m Hyperref: PDF Unicode definition (HO)
)

Package hyperref Warning: Option `pdfusetitle' has already been used,
(hyperref)                setting the option has no effect on input line 54.


Package hyperref Warning: Option `bookmarks' has already been used,
(hyperref)                setting the option has no effect on input line 54.

Package hyperref Info: Option `bookmarksnumbered' set `false' on input line 54.

Package hyperref Info: Option `bookmarksopen' set `false' on input line 54.
Package hyperref Info: Option `breaklinks' set `false' on input line 54.

Package hyperref Warning: Option `backref' has already been used,
(hyperref)                setting the option has no effect on input line 54.

Package hyperref Info: Option `colorlinks' set `false' on input line 54.
(/usr/local/texlive/2015/texmf-dist/tex/latex/breakurl/breakurl.sty
Package: breakurl 2013/04/10 v1.40 Breakable hyperref URLs


Package breakurl Warning: You are using breakurl while processing via pdflatex.

(breakurl)                \burl will be just a synonym of \url.
(breakurl)                 on input line 48.

) (/usr/local/texlive/2015/texmf-dist/tex/latex/caption/subcaption.sty
Package: subcaption 2016/02/20 v1.1-142 Sub-captions (AR)

(/usr/local/texlive/2015/texmf-dist/tex/latex/caption/caption.sty
Package: caption 2016/02/21 v3.3-144 Customizing captions (AR)

(/usr/local/texlive/2015/texmf-dist/tex/latex/caption/caption3.sty
Package: caption3 2016/02/04 v1.7-139 caption3 kernel (AR)
Package caption3 Info: TeX engine: e-TeX on input line 67.
\captionmargin=\dimen338
\captionmargin@=\dimen339
\captionwidth=\dimen340
\caption@tempdima=\dimen341
\caption@indent=\dimen342
\caption@parindent=\dimen343
\caption@hangindent=\dimen344
)
\c@ContinuedFloat=\count309
Package caption Info: beamer document class.
Package caption Info: float package is loaded.
Package caption Info: hyperref package is loaded.
Package caption Info: Hyperref support is turned off
(caption)             because hyperref has stopped early.
Package caption Info: longtable package is loaded.

(/usr/local/texlive/2015/texmf-dist/tex/latex/caption/ltcaption.sty
Package: ltcaption 2013/06/09 v1.4-94 longtable captions (AR)
)
Package caption Info: threeparttable package is loaded.
Package caption Info: wrapfig package is loaded.
)
\c@subfigure=\count310
\c@subtable=\count311
)
(/Users/Chipman/Library/texmf/tex/latex/beamerthemevandy/beamerthemevandy.sty
(/usr/local/texlive/2015/texmf-dist/tex/latex/beamer/themes/color/beamercolorth
emebeaver.sty
Package: beamercolorthemebeaver 2010/06/17  (rcs-revision d02a7cf4d8ae)
)
(/usr/local/texlive/2015/texmf-dist/tex/latex/beamer/themes/inner/beamerinnerth
emerounded.sty
Package: beamerinnerthemerounded 2010/06/17  (rcs-revision d02a7cf4d8ae)
)
(/usr/local/texlive/2015/texmf-dist/tex/latex/beamer/themes/outer/beamerouterth
ememiniframes.sty
Package: beamerouterthememiniframes 2010/06/17  (rcs-revision d02a7cf4d8ae)
))
(/Library/Frameworks/R.framework/Resources/share/texmf/tex/latex/Sweave.sty
Package: Sweave 

(/usr/local/texlive/2015/texmf-dist/tex/latex/base/textcomp.sty
Package: textcomp 2005/09/27 v1.99g Standard LaTeX package
Package textcomp Info: Sub-encoding information:
(textcomp)               5 = only ISO-Adobe without \textcurrency
(textcomp)               4 = 5 + \texteuro
(textcomp)               3 = 4 + \textohm
(textcomp)               2 = 3 + \textestimated + \textcurrency
(textcomp)               1 = TS1 - \textcircled - \t
(textcomp)               0 = TS1 (full)
(textcomp)             Font families with sub-encoding setting implement
(textcomp)             only a restricted character set as indicated.
(textcomp)             Family '?' is the default used for unknown fonts.
(textcomp)             See the documentation for details.
Package textcomp Info: Setting ? sub-encoding to TS1/1 on input line 79.

(/usr/local/texlive/2015/texmf-dist/tex/latex/base/ts1enc.def
File: ts1enc.def 2001/06/05 v3.0e (jk/car/fm) Standard LaTeX file
)
LaTeX Info: Redefining \oldstylenums on input line 334.
Package textcomp Info: Setting cmr sub-encoding to TS1/0 on input line 349.
Package textcomp Info: Setting cmss sub-encoding to TS1/0 on input line 350.
Package textcomp Info: Setting cmtt sub-encoding to TS1/0 on input line 351.
Package textcomp Info: Setting cmvtt sub-encoding to TS1/0 on input line 352.
Package textcomp Info: Setting cmbr sub-encoding to TS1/0 on input line 353.
Package textcomp Info: Setting cmtl sub-encoding to TS1/0 on input line 354.
Package textcomp Info: Setting ccr sub-encoding to TS1/0 on input line 355.
Package textcomp Info: Setting ptm sub-encoding to TS1/4 on input line 356.
Package textcomp Info: Setting pcr sub-encoding to TS1/4 on input line 357.
Package textcomp Info: Setting phv sub-encoding to TS1/4 on input line 358.
Package textcomp Info: Setting ppl sub-encoding to TS1/3 on input line 359.
Package textcomp Info: Setting pag sub-encoding to TS1/4 on input line 360.
Package textcomp Info: Setting pbk sub-encoding to TS1/4 on input line 361.
Package textcomp Info: Setting pnc sub-encoding to TS1/4 on input line 362.
Package textcomp Info: Setting pzc sub-encoding to TS1/4 on input line 363.
Package textcomp Info: Setting bch sub-encoding to TS1/4 on input line 364.
Package textcomp Info: Setting put sub-encoding to TS1/5 on input line 365.
Package textcomp Info: Setting uag sub-encoding to TS1/5 on input line 366.
Package textcomp Info: Setting ugq sub-encoding to TS1/5 on input line 367.
Package textcomp Info: Setting ul8 sub-encoding to TS1/4 on input line 368.
Package textcomp Info: Setting ul9 sub-encoding to TS1/4 on input line 369.
Package textcomp Info: Setting augie sub-encoding to TS1/5 on input line 370.
Package textcomp Info: Setting dayrom sub-encoding to TS1/3 on input line 371.
Package textcomp Info: Setting dayroms sub-encoding to TS1/3 on input line 372.

Package textcomp Info: Setting pxr sub-encoding to TS1/0 on input line 373.
Package textcomp Info: Setting pxss sub-encoding to TS1/0 on input line 374.
Package textcomp Info: Setting pxtt sub-encoding to TS1/0 on input line 375.
Package textcomp Info: Setting txr sub-encoding to TS1/0 on input line 376.
Package textcomp Info: Setting txss sub-encoding to TS1/0 on input line 377.
Package textcomp Info: Setting txtt sub-encoding to TS1/0 on input line 378.
Package textcomp Info: Setting lmr sub-encoding to TS1/0 on input line 379.
Package textcomp Info: Setting lmdh sub-encoding to TS1/0 on input line 380.
Package textcomp Info: Setting lmss sub-encoding to TS1/0 on input line 381.
Package textcomp Info: Setting lmssq sub-encoding to TS1/0 on input line 382.
Package textcomp Info: Setting lmvtt sub-encoding to TS1/0 on input line 383.
Package textcomp Info: Setting lmtt sub-encoding to TS1/0 on input line 384.
Package textcomp Info: Setting qhv sub-encoding to TS1/0 on input line 385.
Package textcomp Info: Setting qag sub-encoding to TS1/0 on input line 386.
Package textcomp Info: Setting qbk sub-encoding to TS1/0 on input line 387.
Package textcomp Info: Setting qcr sub-encoding to TS1/0 on input line 388.
Package textcomp Info: Setting qcs sub-encoding to TS1/0 on input line 389.
Package textcomp Info: Setting qpl sub-encoding to TS1/0 on input line 390.
Package textcomp Info: Setting qtm sub-encoding to TS1/0 on input line 391.
Package textcomp Info: Setting qzc sub-encoding to TS1/0 on input line 392.
Package textcomp Info: Setting qhvc sub-encoding to TS1/0 on input line 393.
Package textcomp Info: Setting futs sub-encoding to TS1/4 on input line 394.
Package textcomp Info: Setting futx sub-encoding to TS1/4 on input line 395.
Package textcomp Info: Setting futj sub-encoding to TS1/4 on input line 396.
Package textcomp Info: Setting hlh sub-encoding to TS1/3 on input line 397.
Package textcomp Info: Setting hls sub-encoding to TS1/3 on input line 398.
Package textcomp Info: Setting hlst sub-encoding to TS1/3 on input line 399.
Package textcomp Info: Setting hlct sub-encoding to TS1/5 on input line 400.
Package textcomp Info: Setting hlx sub-encoding to TS1/5 on input line 401.
Package textcomp Info: Setting hlce sub-encoding to TS1/5 on input line 402.
Package textcomp Info: Setting hlcn sub-encoding to TS1/5 on input line 403.
Package textcomp Info: Setting hlcw sub-encoding to TS1/5 on input line 404.
Package textcomp Info: Setting hlcf sub-encoding to TS1/5 on input line 405.
Package textcomp Info: Setting pplx sub-encoding to TS1/3 on input line 406.
Package textcomp Info: Setting pplj sub-encoding to TS1/3 on input line 407.
Package textcomp Info: Setting ptmx sub-encoding to TS1/4 on input line 408.
Package textcomp Info: Setting ptmj sub-encoding to TS1/4 on input line 409.
)
(/usr/local/texlive/2015/texmf-dist/tex/latex/base/fontenc.sty
Package: fontenc 2005/09/27 v1.99g Standard LaTeX package

(/usr/local/texlive/2015/texmf-dist/tex/latex/base/t1enc.def
File: t1enc.def 2005/09/27 v1.99g Standard LaTeX file
LaTeX Font Info:    Redeclaring font encoding T1 on input line 48.
))
(/usr/local/texlive/2015/texmf-dist/tex/latex/ae/ae.sty
Package: ae 2001/02/12 1.3 Almost European Computer Modern

(/usr/local/texlive/2015/texmf-dist/tex/latex/base/fontenc.sty
Package: fontenc 2005/09/27 v1.99g Standard LaTeX package

(/usr/local/texlive/2015/texmf-dist/tex/latex/base/t1enc.def
File: t1enc.def 2005/09/27 v1.99g Standard LaTeX file
LaTeX Font Info:    Redeclaring font encoding T1 on input line 48.
)
LaTeX Font Info:    Try loading font information for T1+aer on input line 105.

(/usr/local/texlive/2015/texmf-dist/tex/latex/ae/t1aer.fd
File: t1aer.fd 1997/11/16 Font definitions for T1/aer.
)))) (./Defense.aux)
\openout1 = `Defense.aux'.

LaTeX Font Info:    Checking defaults for OML/cmm/m/it on input line 145.
LaTeX Font Info:    ... okay on input line 145.
LaTeX Font Info:    Checking defaults for T1/cmr/m/n on input line 145.
LaTeX Font Info:    ... okay on input line 145.
LaTeX Font Info:    Checking defaults for OT1/cmr/m/n on input line 145.
LaTeX Font Info:    ... okay on input line 145.
LaTeX Font Info:    Checking defaults for OMS/cmsy/m/n on input line 145.
LaTeX Font Info:    ... okay on input line 145.
LaTeX Font Info:    Checking defaults for OMX/cmex/m/n on input line 145.
LaTeX Font Info:    ... okay on input line 145.
LaTeX Font Info:    Checking defaults for U/cmr/m/n on input line 145.
LaTeX Font Info:    ... okay on input line 145.
LaTeX Font Info:    Checking defaults for PD1/pdf/m/n on input line 145.
LaTeX Font Info:    ... okay on input line 145.
LaTeX Font Info:    Checking defaults for PU/pdf/m/n on input line 145.
LaTeX Font Info:    ... okay on input line 145.
LaTeX Font Info:    Checking defaults for TS1/cmr/m/n on input line 145.
LaTeX Font Info:    Try loading font information for TS1+cmr on input line 145.


(/usr/local/texlive/2015/texmf-dist/tex/latex/base/ts1cmr.fd
File: ts1cmr.fd 2014/09/29 v2.5h Standard LaTeX font definitions
)
LaTeX Font Info:    ... okay on input line 145.
LaTeX Font Info:    Try loading font information for T1+aess on input line 145.


(/usr/local/texlive/2015/texmf-dist/tex/latex/ae/t1aess.fd
File: t1aess.fd 1997/11/16 Font definitions for T1/aess.
)
*geometry* driver: auto-detecting
*geometry* detected driver: pdftex
*geometry* verbose mode - [ preamble ] result:
* driver: pdftex
* paper: custom
* layout: <same size as paper>
* layoutoffset:(h,v)=(0.0pt,0.0pt)
* modes: includehead includefoot 
* h-part:(L,W,R)=(28.45274pt, 307.28987pt, 28.45274pt)
* v-part:(T,H,B)=(0.0pt, 273.14662pt, 0.0pt)
* \paperwidth=364.19536pt
* \paperheight=273.14662pt
* \textwidth=307.28987pt
* \textheight=244.6939pt
* \oddsidemargin=-43.81725pt
* \evensidemargin=-43.81725pt
* \topmargin=-72.26999pt
* \headheight=14.22636pt
* \headsep=0.0pt
* \topskip=10.0pt
* \footskip=14.22636pt
* \marginparwidth=3.0pt
* \marginparsep=11.0pt
* \columnsep=10.0pt
* \skip\footins=9.0pt plus 4.0pt minus 2.0pt
* \hoffset=0.0pt
* \voffset=0.0pt
* \mag=1000
* \@twocolumnfalse
* \@twosidefalse
* \@mparswitchfalse
* \@reversemarginfalse
* (1in=72.27pt=25.4mm, 1cm=28.453pt)

(/usr/local/texlive/2015/texmf-dist/tex/latex/oberdiek/epstopdf-base.sty
Package: epstopdf-base 2010/02/09 v2.5 Base part for package epstopdf

(/usr/local/texlive/2015/texmf-dist/tex/latex/oberdiek/grfext.sty
Package: grfext 2010/08/19 v1.1 Manage graphics extensions (HO)
)
Package grfext Info: Graphics extension search list:
(grfext)             [.png,.pdf,.jpg,.mps,.jpeg,.jbig2,.jb2,.PNG,.PDF,.JPG,.JPE
G,.JBIG2,.JB2,.eps]
(grfext)             \AppendGraphicsExtensions on input line 452.

(/usr/local/texlive/2015/texmf-dist/tex/latex/latexconfig/epstopdf-sys.cfg
File: epstopdf-sys.cfg 2010/07/13 v1.3 Configuration of (r)epstopdf for TeX Liv
e
))
ABD: EveryShipout initializing macros
\AtBeginShipoutBox=\box94
Package hyperref Info: Link coloring OFF on input line 145.

(/usr/local/texlive/2015/texmf-dist/tex/latex/hyperref/nameref.sty
Package: nameref 2012/10/27 v2.43 Cross-referencing by name of section

(/usr/local/texlive/2015/texmf-dist/tex/generic/oberdiek/gettitlestring.sty
Package: gettitlestring 2010/12/03 v1.4 Cleanup title references (HO)
)
\c@section@level=\count312
)
LaTeX Info: Redefining \ref on input line 145.
LaTeX Info: Redefining \pageref on input line 145.
LaTeX Info: Redefining \nameref on input line 145.

(./Defense.out) (./Defense.out)
\@outlinefile=\write6
\openout6 = `Defense.out'.

LaTeX Font Info:    Overwriting symbol font `operators' in version `normal'
(Font)                  OT1/cmr/m/n --> OT1/cmss/m/n on input line 145.
LaTeX Font Info:    Overwriting symbol font `operators' in version `bold'
(Font)                  OT1/cmr/bx/n --> OT1/cmss/bx/n on input line 145.
\symnumbers=\mathgroup11
LaTeX Font Info:    Redeclaring symbol font `pureletters' on input line 145.
LaTeX Font Info:    Encoding `OT1' has changed to `T1' for symbol font
(Font)              `pureletters' in the math version `normal' on input line 14
5.
LaTeX Font Info:    Overwriting symbol font `pureletters' in version `normal'
(Font)                  OT1/mathkerncmss/m/sl --> T1/aess/m/it on input line 14
5.
LaTeX Font Info:    Encoding `OT1' has changed to `T1' for symbol font
(Font)              `pureletters' in the math version `bold' on input line 145.

LaTeX Font Info:    Overwriting symbol font `pureletters' in version `bold'
(Font)                  OT1/mathkerncmss/bx/sl --> T1/aess/m/it on input line 1
45.
LaTeX Font Info:    Overwriting math alphabet `\mathrm' in version `normal'
(Font)                  OT1/cmss/m/n --> T1/aer/m/n on input line 145.
LaTeX Font Info:    Redeclaring math alphabet \mathbf on input line 145.
LaTeX Font Info:    Redeclaring math alphabet \mathsf on input line 145.
LaTeX Font Info:    Overwriting math alphabet `\mathsf' in version `normal'
(Font)                  OT1/cmss/m/n --> T1/aess/m/n on input line 145.
LaTeX Font Info:    Overwriting math alphabet `\mathsf' in version `bold'
(Font)                  OT1/cmss/bx/n --> T1/aess/m/n on input line 145.
LaTeX Font Info:    Redeclaring math alphabet \mathit on input line 145.
LaTeX Font Info:    Overwriting math alphabet `\mathit' in version `normal'
(Font)                  OT1/cmr/m/it --> T1/aess/m/it on input line 145.
LaTeX Font Info:    Overwriting math alphabet `\mathit' in version `bold'
(Font)                  OT1/cmr/bx/it --> T1/aess/m/it on input line 145.
LaTeX Font Info:    Redeclaring math alphabet \mathtt on input line 145.
LaTeX Font Info:    Overwriting math alphabet `\mathtt' in version `normal'
(Font)                  OT1/cmtt/m/n --> T1/aett/m/n on input line 145.
LaTeX Font Info:    Overwriting math alphabet `\mathtt' in version `bold'
(Font)                  OT1/cmtt/m/n --> T1/aett/m/n on input line 145.
LaTeX Font Info:    Overwriting symbol font `numbers' in version `bold'
(Font)                  T1/aess/m/n --> T1/aess/bx/n on input line 145.
LaTeX Font Info:    Overwriting symbol font `pureletters' in version `bold'
(Font)                  T1/aess/m/it --> T1/aess/bx/it on input line 145.
LaTeX Font Info:    Overwriting math alphabet `\mathrm' in version `bold'
(Font)                  OT1/cmss/bx/n --> T1/aer/bx/n on input line 145.
LaTeX Font Info:    Overwriting math alphabet `\mathbf' in version `bold'
(Font)                  T1/aess/bx/n --> T1/aess/bx/n on input line 145.
LaTeX Font Info:    Overwriting math alphabet `\mathsf' in version `bold'
(Font)                  T1/aess/m/n --> T1/aess/bx/n on input line 145.
LaTeX Font Info:    Overwriting math alphabet `\mathit' in version `bold'
(Font)                  T1/aess/m/it --> T1/aess/bx/it on input line 145.
LaTeX Font Info:    Overwriting math alphabet `\mathtt' in version `bold'
(Font)                  T1/aett/m/n --> T1/aett/bx/n on input line 145.
LaTeX Font Info:    Redeclaring symbol font `boldpureletters' on input line 145
.
LaTeX Font Info:    Encoding `OT1' has changed to `T1' for symbol font
(Font)              `boldpureletters' in the math version `normal' on input lin
e 145.
LaTeX Font Info:    Overwriting symbol font `boldpureletters' in version `norma
l'
(Font)                  OT1/mathkerncmss/bx/sl --> T1/aess/bx/it on input line 
145.
LaTeX Font Info:    Encoding `OT1' has changed to `T1' for symbol font
(Font)              `boldpureletters' in the math version `bold' on input line 
145.
LaTeX Font Info:    Overwriting symbol font `boldpureletters' in version `bold'

(Font)                  OT1/mathkerncmss/bx/sl --> T1/aess/bx/it on input line 
145.

(/usr/local/texlive/2015/texmf-dist/tex/latex/beamer/translator/dicts/translato
r-basic-dictionary/translator-basic-dictionary-English.dict
Dictionary: translator-basic-dictionary, Language: English 
)
(/usr/local/texlive/2015/texmf-dist/tex/latex/beamer/translator/dicts/translato
r-bibliography-dictionary/translator-bibliography-dictionary-English.dict
Dictionary: translator-bibliography-dictionary, Language: English 
)
(/usr/local/texlive/2015/texmf-dist/tex/latex/beamer/translator/dicts/translato
r-environment-dictionary/translator-environment-dictionary-English.dict
Dictionary: translator-environment-dictionary, Language: English 
)
(/usr/local/texlive/2015/texmf-dist/tex/latex/beamer/translator/dicts/translato
r-months-dictionary/translator-months-dictionary-English.dict
Dictionary: translator-months-dictionary, Language: English 
)
(/usr/local/texlive/2015/texmf-dist/tex/latex/beamer/translator/dicts/translato
r-numbers-dictionary/translator-numbers-dictionary-English.dict
Dictionary: translator-numbers-dictionary, Language: English 
)
(/usr/local/texlive/2015/texmf-dist/tex/latex/beamer/translator/dicts/translato
r-theorem-dictionary/translator-theorem-dictionary-English.dict
Dictionary: translator-theorem-dictionary, Language: English 
)
LaTeX Info: Redefining \includegraphics on input line 145.
Package caption Info: Begin \AtBeginDocument code.
Package caption Info: End \AtBeginDocument code.
 (./Defense.nav) (./Defense-concordance.tex) (./Defense.bbl)

Package hyperref Warning: Option `pdfauthor' has already been used,
(hyperref)                setting the option has no effect on input line 158.

[1{/usr/local/texlive/2015/texmf-var/fonts/map/pdftex/updmap/pdftex.map}

]

Package natbib Warning: Citation `Moore:wc' on page 2 undefined on input line 1
81.

LaTeX Font Info:    Try loading font information for U+msa on input line 181.
(/usr/local/texlive/2015/texmf-dist/tex/latex/amsfonts/umsa.fd
File: umsa.fd 2013/01/14 v3.01 AMS symbols A
)
LaTeX Font Info:    Try loading font information for U+msb on input line 181.

(/usr/local/texlive/2015/texmf-dist/tex/latex/amsfonts/umsb.fd
File: umsb.fd 2013/01/14 v3.01 AMS symbols B
)
LaTeX Font Info:    Font shape `T1/aess/m/it' in size <7> not available
(Font)              Font shape `T1/aess/m/sl' tried instead on input line 181.
LaTeX Font Info:    Font shape `T1/aess/m/it' in size <5> not available
(Font)              Font shape `T1/aess/m/sl' tried instead on input line 181.


LaTeX Font Warning: Font shape `T1/aess/bx/it' undefined
(Font)              using `T1/aess/bx/n' instead on input line 181.

[2

] [3

]
\openout4 = `Defense.vrb'.

 (./Defense.vrb
<~/Dropbox/statistics/work/vandy/RandomizationMethods/ExtendingMOTF/FigsRefs/vi
sualPresentations/REACHphone.jpg, id=113, 589.20125pt x 193.72375pt>
File: ~/Dropbox/statistics/work/vandy/RandomizationMethods/ExtendingMOTF/FigsRe
fs/visualPresentations/REACHphone.jpg Graphic file (type jpg)

<use ~/Dropbox/statistics/work/vandy/RandomizationMethods/ExtendingMOTF/FigsRef
s/visualPresentations/REACHphone.jpg>
Package pdftex.def Info: ~/Dropbox/statistics/work/vandy/RandomizationMethods/E
xtendingMOTF/FigsRefs/visualPresentations/REACHphone.jpg used on input line 24.

(pdftex.def)             Requested size: 215.10196pt x 70.72482pt.
) [4

 </Users/Chipman/Dropbox/statistics/work/vandy/RandomizationMethods/ExtendingMO
TF/FigsRefs/visualPresentations/REACHphone.jpg>]
LaTeX Font Info:    Font shape `T1/aess/m/it' in size <10> not available
(Font)              Font shape `T1/aess/m/sl' tried instead on input line 264.
 [5

] [6

]
<~/Dropbox/statistics/work/vandy/RandomizationMethods/ExtendingMOTF/FigsRefs/vi
sualPresentations/BipartiteImage.png, id=203, 803.0pt x 458.71375pt>
File: ~/Dropbox/statistics/work/vandy/RandomizationMethods/ExtendingMOTF/FigsRe
fs/visualPresentations/BipartiteImage.png Graphic file (type png)

<use ~/Dropbox/statistics/work/vandy/RandomizationMethods/ExtendingMOTF/FigsRef
s/visualPresentations/BipartiteImage.png>
Package pdftex.def Info: ~/Dropbox/statistics/work/vandy/RandomizationMethods/E
xtendingMOTF/FigsRefs/visualPresentations/BipartiteImage.png used on input line
 326.
(pdftex.def)             Requested size: 153.64493pt x 87.76546pt.


Package natbib Warning: Citation `Greevy:2004ke' on page 7 undefined on input l
ine 326.

[7

 </Users/Chipman/Dropbox/statistics/work/vandy/RandomizationMethods/ExtendingMO
TF/FigsRefs/visualPresentations/BipartiteImage.png>] </Users/Chipman/Dropbox/st
atistics/work/vandy/RandomizationMethods/DFCI/developtalk/Anime0.png>

Package natbib Warning: Citation `Kapelner:2014cu' on page 8 undefined on input
 line 335.

[8

] </Users/Chipman/Dropbox/statistics/work/vandy/RandomizationMethods/DFCI/devel
optalk/Anime1.png> </Users/Chipman/Dropbox/statistics/work/vandy/RandomizationM
ethods/DFCI/developtalk/Anime2.png> </Users/Chipman/Dropbox/statistics/work/van
dy/RandomizationMethods/DFCI/developtalk/Anime3.png> </Users/Chipman/Dropbox/st
atistics/work/vandy/RandomizationMethods/DFCI/developtalk/Anime4.png> </Users/C
hipman/Dropbox/statistics/work/vandy/RandomizationMethods/DFCI/developtalk/Anim
e5.png> </Users/Chipman/Dropbox/statistics/work/vandy/RandomizationMethods/DFCI
/developtalk/Anime6.png> </Users/Chipman/Dropbox/statistics/work/vandy/Randomiz
ationMethods/DFCI/developtalk/Anime7.png> </Users/Chipman/Dropbox/statistics/wo
rk/vandy/RandomizationMethods/DFCI/developtalk/Anime8.png> </Users/Chipman/Drop
box/statistics/work/vandy/RandomizationMethods/DFCI/developtalk/Anime9.png> </U
sers/Chipman/Dropbox/statistics/work/vandy/RandomizationMethods/DFCI/developtal
k/Anime10.png>

Package natbib Warning: Citation `Kapelner:2014cu' on page 9 undefined on input
 line 345.

[9

] </Users/Chipman/Dropbox/statistics/work/vandy/RandomizationMethods/DFCI/devel
optalk/Anime14.png> </Users/Chipman/Dropbox/statistics/work/vandy/Randomization
Methods/DFCI/developtalk/Anime15.png> </Users/Chipman/Dropbox/statistics/work/v
andy/RandomizationMethods/DFCI/developtalk/Anime16.png> </Users/Chipman/Dropbox
/statistics/work/vandy/RandomizationMethods/DFCI/developtalk/Anime17.png> </Use
rs/Chipman/Dropbox/statistics/work/vandy/RandomizationMethods/DFCI/developtalk/
Anime18.png>

Package natbib Warning: Citation `Kapelner:2014cu' on page 10 undefined on inpu
t line 354.

[10

] </Users/Chipman/Dropbox/statistics/work/vandy/RandomizationMethods/DFCI/devel
optalk/Anime19.png> </Users/Chipman/Dropbox/statistics/work/vandy/Randomization
Methods/DFCI/developtalk/Anime20.png> </Users/Chipman/Dropbox/statistics/work/v
andy/RandomizationMethods/DFCI/developtalk/Anime21.png>

Package natbib Warning: Citation `Kapelner:2014cu' on page 11 undefined on inpu
t line 363.

[11

] </Users/Chipman/Dropbox/statistics/work/vandy/RandomizationMethods/DFCI/devel
optalk/Anime22.png> </Users/Chipman/Dropbox/statistics/work/vandy/Randomization
Methods/DFCI/developtalk/Anime23.png> </Users/Chipman/Dropbox/statistics/work/v
andy/RandomizationMethods/DFCI/developtalk/Anime24.png>

Package natbib Warning: Citation `Kapelner:2014cu' on page 12 undefined on inpu
t line 372.

[12

]

Package natbib Warning: Citation `Kapelner:2014cu' on page 13 undefined on inpu
t line 400.

[13

] [14

] [15

]
\openout4 = `Defense.vrb'.

 (./Defense.vrb) [16

] [17

]
\openout4 = `Defense.vrb'.

 (./Defense.vrb
<~/Dropbox/statistics/work/vandy/RandomizationMethods/ExtendingMOTF/FigsRefs/vi
sualPresentations/MaxSMD_defense.jpg, id=672, 1806.75pt x 1806.75pt>
File: ~/Dropbox/statistics/work/vandy/RandomizationMethods/ExtendingMOTF/FigsRe
fs/visualPresentations/MaxSMD_defense.jpg Graphic file (type jpg)

<use ~/Dropbox/statistics/work/vandy/RandomizationMethods/ExtendingMOTF/FigsRef
s/visualPresentations/MaxSMD_defense.jpg>
Package pdftex.def Info: ~/Dropbox/statistics/work/vandy/RandomizationMethods/E
xtendingMOTF/FigsRefs/visualPresentations/MaxSMD_defense.jpg used on input line
 2.
(pdftex.def)             Requested size: 253.5132pt x 253.49464pt.
)
Overfull \vbox (3.22252pt too high) detected at line 524
 []

[18

 </Users/Chipman/Dropbox/statistics/work/vandy/RandomizationMethods/ExtendingMO
TF/FigsRefs/visualPresentations/MaxSMD_defense.jpg>]
\openout4 = `Defense.vrb'.

 (./Defense.vrb
<~/Dropbox/statistics/work/vandy/RandomizationMethods/ExtendingMOTF/FigsRefs/vi
sualPresentations/modelAdjCIwidth_defense.jpg, id=701, 1806.75pt x 1806.75pt>
File: ~/Dropbox/statistics/work/vandy/RandomizationMethods/ExtendingMOTF/FigsRe
fs/visualPresentations/modelAdjCIwidth_defense.jpg Graphic file (type jpg)

<use ~/Dropbox/statistics/work/vandy/RandomizationMethods/ExtendingMOTF/FigsRef
s/visualPresentations/modelAdjCIwidth_defense.jpg>
Package pdftex.def Info: ~/Dropbox/statistics/work/vandy/RandomizationMethods/E
xtendingMOTF/FigsRefs/visualPresentations/modelAdjCIwidth_defense.jpg used on i
nput line 2.
(pdftex.def)             Requested size: 253.5132pt x 253.49464pt.
)
Overfull \vbox (3.22252pt too high) detected at line 530
 []

[19

 </Users/Chipman/Dropbox/statistics/work/vandy/RandomizationMethods/ExtendingMO
TF/FigsRefs/visualPresentations/modelAdjCIwidth_defense.jpg>]
\openout4 = `Defense.vrb'.

 (./Defense.vrb
<~/Dropbox/statistics/work/vandy/RandomizationMethods/ExtendingMOTF/FigsRefs/vi
sualPresentations/permutationCIwidth_defense.jpg, id=731, 1806.75pt x 1806.75pt
>
File: ~/Dropbox/statistics/work/vandy/RandomizationMethods/ExtendingMOTF/FigsRe
fs/visualPresentations/permutationCIwidth_defense.jpg Graphic file (type jpg)

<use ~/Dropbox/statistics/work/vandy/RandomizationMethods/ExtendingMOTF/FigsRef
s/visualPresentations/permutationCIwidth_defense.jpg>
Package pdftex.def Info: ~/Dropbox/statistics/work/vandy/RandomizationMethods/E
xtendingMOTF/FigsRefs/visualPresentations/permutationCIwidth_defense.jpg used o
n input line 2.
(pdftex.def)             Requested size: 253.5132pt x 253.49464pt.
)
Overfull \vbox (3.22252pt too high) detected at line 538
 []

[20

 </Users/Chipman/Dropbox/statistics/work/vandy/RandomizationMethods/ExtendingMO
TF/FigsRefs/visualPresentations/permutationCIwidth_defense.jpg>] [21

]
[22

]

Package natbib Warning: Citation `Calverley:2007gx' on page 23 undefined on inp
ut line 597.

[23

]

Package natbib Warning: Citation `Calverley:2007gx' on page 24 undefined on inp
ut line 621.

[24

]

Package natbib Warning: Citation `Calverley:2007gx' on page 25 undefined on inp
ut line 646.

[25

]
<~/Dropbox/statistics/work/vandy/AdaptiveMonitoring/Conferences/SCT/slides/SGPV
v02.jpeg, id=903, 1405.25pt x 803.0pt>
File: ~/Dropbox/statistics/work/vandy/AdaptiveMonitoring/Conferences/SCT/slides
/SGPVv02.jpeg Graphic file (type jpg)

<use ~/Dropbox/statistics/work/vandy/AdaptiveMonitoring/Conferences/SCT/slides/
SGPVv02.jpeg>
Package pdftex.def Info: ~/Dropbox/statistics/work/vandy/AdaptiveMonitoring/Con
ferences/SCT/slides/SGPVv02.jpeg used on input line 672.
(pdftex.def)             Requested size: 245.81522pt x 75.37907pt.


Package natbib Warning: Citation `Blume:SGPV' on page 26 undefined on input lin
e 672.

[26

 </Users/Chipman/Dropbox/statistics/work/vandy/AdaptiveMonitoring/Conferences/S
CT/slides/SGPVv02.jpeg>]
<~/Dropbox/statistics/work/vandy/AdaptiveMonitoring/Conferences/SCT/slides/izTO
RCH.jpeg, id=932, 3212.0pt x 803.0pt>
File: ~/Dropbox/statistics/work/vandy/AdaptiveMonitoring/Conferences/SCT/slides
/izTORCH.jpeg Graphic file (type jpg)

<use ~/Dropbox/statistics/work/vandy/AdaptiveMonitoring/Conferences/SCT/slides/
izTORCH.jpeg>
Package pdftex.def Info: ~/Dropbox/statistics/work/vandy/AdaptiveMonitoring/Con
ferences/SCT/slides/izTORCH.jpeg used on input line 703.
(pdftex.def)             Requested size: 184.3758pt x 46.08269pt.


Package natbib Warning: Citation `Blume:SGPV' on page 27 undefined on input lin
e 703.

[27

 </Users/Chipman/Dropbox/statistics/work/vandy/AdaptiveMonitoring/Conferences/S
CT/slides/izTORCH.jpeg>]
\openout4 = `Defense.vrb'.

 (./Defense.vrb
<~/Dropbox/statistics/work/vandy/AdaptiveMonitoring/Conferences/SCT/slides/izRE
ACH.jpeg, id=961, 3212.0pt x 803.0pt>
File: ~/Dropbox/statistics/work/vandy/AdaptiveMonitoring/Conferences/SCT/slides
/izREACH.jpeg Graphic file (type jpg)

<use ~/Dropbox/statistics/work/vandy/AdaptiveMonitoring/Conferences/SCT/slides/
izREACH.jpeg>
Package pdftex.def Info: ~/Dropbox/statistics/work/vandy/AdaptiveMonitoring/Con
ferences/SCT/slides/izREACH.jpeg used on input line 12.
(pdftex.def)             Requested size: 153.64493pt x 38.40019pt.
) [28

 </Users/Chipman/Dropbox/statistics/work/vandy/AdaptiveMonitoring/Conferences/S
CT/slides/izREACH.jpeg>]
\openout4 = `Defense.vrb'.

 (./Defense.vrb
<~/Dropbox/statistics/work/vandy/AdaptiveMonitoring/Conferences/SCT/slides/cmRE
ACH.jpeg, id=991, 3212.0pt x 803.0pt>
File: ~/Dropbox/statistics/work/vandy/AdaptiveMonitoring/Conferences/SCT/slides
/cmREACH.jpeg Graphic file (type jpg)

<use ~/Dropbox/statistics/work/vandy/AdaptiveMonitoring/Conferences/SCT/slides/
cmREACH.jpeg>
Package pdftex.def Info: ~/Dropbox/statistics/work/vandy/AdaptiveMonitoring/Con
ferences/SCT/slides/cmREACH.jpeg used on input line 11.
(pdftex.def)             Requested size: 153.64493pt x 38.40019pt.
) [29

 </Users/Chipman/Dropbox/statistics/work/vandy/AdaptiveMonitoring/Conferences/S
CT/slides/cmREACH.jpeg>]
\openout4 = `Defense.vrb'.

 (./Defense.vrb
<~/Dropbox/statistics/work/vandy/AdaptiveMonitoring/Conferences/SCT/slides/merr
REACH.jpeg, id=1020, 3212.0pt x 803.0pt>
File: ~/Dropbox/statistics/work/vandy/AdaptiveMonitoring/Conferences/SCT/slides
/merrREACH.jpeg Graphic file (type jpg)

<use ~/Dropbox/statistics/work/vandy/AdaptiveMonitoring/Conferences/SCT/slides/
merrREACH.jpeg>
Package pdftex.def Info: ~/Dropbox/statistics/work/vandy/AdaptiveMonitoring/Con
ferences/SCT/slides/merrREACH.jpeg used on input line 10.
(pdftex.def)             Requested size: 153.64493pt x 38.40019pt.
) [30

 </Users/Chipman/Dropbox/statistics/work/vandy/AdaptiveMonitoring/Conferences/S
CT/slides/merrREACH.jpeg>]
\openout4 = `Defense.vrb'.

 (./Defense.vrb
<~/Dropbox/statistics/work/vandy/AdaptiveMonitoring/Conferences/SCT/slides/izCm
REACH.jpeg, id=1049, 3212.0pt x 803.0pt>
File: ~/Dropbox/statistics/work/vandy/AdaptiveMonitoring/Conferences/SCT/slides
/izCmREACH.jpeg Graphic file (type jpg)

<use ~/Dropbox/statistics/work/vandy/AdaptiveMonitoring/Conferences/SCT/slides/
izCmREACH.jpeg>
Package pdftex.def Info: ~/Dropbox/statistics/work/vandy/AdaptiveMonitoring/Con
ferences/SCT/slides/izCmREACH.jpeg used on input line 12.
(pdftex.def)             Requested size: 153.64493pt x 38.40019pt.
) [31

 </Users/Chipman/Dropbox/statistics/work/vandy/AdaptiveMonitoring/Conferences/S
CT/slides/izCmREACH.jpeg>] [32

] [33

] [34

] [35

] [36

]
[37

] [38

] [39

]
<~/Dropbox/statistics/work/vandy/AdaptiveMonitoring/manuscript/figs/powerCalibr
atedLooks20.jpeg, id=1307, 451.6875pt x 451.6875pt>
File: ~/Dropbox/statistics/work/vandy/AdaptiveMonitoring/manuscript/figs/powerC
alibratedLooks20.jpeg Graphic file (type jpg)

<use ~/Dropbox/statistics/work/vandy/AdaptiveMonitoring/manuscript/figs/powerCa
libratedLooks20.jpeg>
Package pdftex.def Info: ~/Dropbox/statistics/work/vandy/AdaptiveMonitoring/man
uscript/figs/powerCalibratedLooks20.jpeg used on input line 999.
(pdftex.def)             Requested size: 245.83742pt x 226.14644pt.
 [40

 </Users/Chipman/Dropbox/statistics/work/vandy/AdaptiveMonitoring/manuscript/fi
gs/powerCalibratedLooks20.jpeg>]
<~/Dropbox/statistics/work/vandy/AdaptiveMonitoring/manuscript/figs/probEffLook
s20.jpg, id=1336, 451.6875pt x 451.6875pt>
File: ~/Dropbox/statistics/work/vandy/AdaptiveMonitoring/manuscript/figs/probEf
fLooks20.jpg Graphic file (type jpg)

<use ~/Dropbox/statistics/work/vandy/AdaptiveMonitoring/manuscript/figs/probEff
Looks20.jpg>
Package pdftex.def Info: ~/Dropbox/statistics/work/vandy/AdaptiveMonitoring/man
uscript/figs/probEffLooks20.jpg used on input line 1006.
(pdftex.def)             Requested size: 245.83742pt x 226.14644pt.
 [41

 </Users/Chipman/Dropbox/statistics/work/vandy/AdaptiveMonitoring/manuscript/fi
gs/probEffLooks20.jpg>]
<~/Dropbox/statistics/work/vandy/AdaptiveMonitoring/manuscript/figs/averageNLoo
ks20.jpg, id=1365, 451.6875pt x 451.6875pt>
File: ~/Dropbox/statistics/work/vandy/AdaptiveMonitoring/manuscript/figs/averag
eNLooks20.jpg Graphic file (type jpg)

<use ~/Dropbox/statistics/work/vandy/AdaptiveMonitoring/manuscript/figs/average
NLooks20.jpg>
Package pdftex.def Info: ~/Dropbox/statistics/work/vandy/AdaptiveMonitoring/man
uscript/figs/averageNLooks20.jpg used on input line 1013.
(pdftex.def)             Requested size: 245.83742pt x 226.14644pt.
 [42

 </Users/Chipman/Dropbox/statistics/work/vandy/AdaptiveMonitoring/manuscript/fi
gs/averageNLooks20.jpg>]
<~/Dropbox/statistics/work/vandy/AdaptiveMonitoring/manuscript/figs/biasLooks20
.jpg, id=1394, 451.6875pt x 451.6875pt>
File: ~/Dropbox/statistics/work/vandy/AdaptiveMonitoring/manuscript/figs/biasLo
oks20.jpg Graphic file (type jpg)

<use ~/Dropbox/statistics/work/vandy/AdaptiveMonitoring/manuscript/figs/biasLoo
ks20.jpg>
Package pdftex.def Info: ~/Dropbox/statistics/work/vandy/AdaptiveMonitoring/man
uscript/figs/biasLooks20.jpg used on input line 1022.
(pdftex.def)             Requested size: 245.83742pt x 226.14644pt.
 [43

 </Users/Chipman/Dropbox/statistics/work/vandy/AdaptiveMonitoring/manuscript/fi
gs/biasLooks20.jpg>]
<~/Dropbox/statistics/work/vandy/AdaptiveMonitoring/manuscript/figs/coverageLoo
ks20.jpg, id=1425, 451.6875pt x 451.6875pt>
File: ~/Dropbox/statistics/work/vandy/AdaptiveMonitoring/manuscript/figs/covera
geLooks20.jpg Graphic file (type jpg)

<use ~/Dropbox/statistics/work/vandy/AdaptiveMonitoring/manuscript/figs/coverag
eLooks20.jpg>
Package pdftex.def Info: ~/Dropbox/statistics/work/vandy/AdaptiveMonitoring/man
uscript/figs/coverageLooks20.jpg used on input line 1030.
(pdftex.def)             Requested size: 245.83742pt x 226.14644pt.
 [44

 </Users/Chipman/Dropbox/statistics/work/vandy/AdaptiveMonitoring/manuscript/fi
gs/coverageLooks20.jpg>] [45

] [46

] [47

]
<~/Dropbox/statistics/work/vandy/AdaptiveMonitoring/manuscript/figs/sgpvAMexamp
leRejPN.jpeg, id=1539, 433.62pt x 389.455pt>
File: ~/Dropbox/statistics/work/vandy/AdaptiveMonitoring/manuscript/figs/sgpvAM
exampleRejPN.jpeg Graphic file (type jpg)

<use ~/Dropbox/statistics/work/vandy/AdaptiveMonitoring/manuscript/figs/sgpvAMe
xampleRejPN.jpeg>
Package pdftex.def Info: ~/Dropbox/statistics/work/vandy/AdaptiveMonitoring/man
uscript/figs/sgpvAMexampleRejPN.jpeg used on input line 1071.
(pdftex.def)             Requested size: 276.559pt x 248.40054pt.

Overfull \vbox (23.75633pt too high) detected at line 1071
 []

[48

 </Users/Chipman/Dropbox/statistics/work/vandy/AdaptiveMonitoring/manuscript/fi
gs/sgpvAMexampleRejPN.jpeg>]
<~/Dropbox/statistics/work/vandy/AdaptiveMonitoring/manuscript/figs/sgpvAMexamp
leAveN.jpeg, id=1568, 433.62pt x 310.15875pt>
File: ~/Dropbox/statistics/work/vandy/AdaptiveMonitoring/manuscript/figs/sgpvAM
exampleAveN.jpeg Graphic file (type jpg)

<use ~/Dropbox/statistics/work/vandy/AdaptiveMonitoring/manuscript/figs/sgpvAMe
xampleAveN.jpeg>
Package pdftex.def Info: ~/Dropbox/statistics/work/vandy/AdaptiveMonitoring/man
uscript/figs/sgpvAMexampleAveN.jpeg used on input line 1078.
(pdftex.def)             Requested size: 276.559pt x 197.82414pt.
 [49

 </Users/Chipman/Dropbox/statistics/work/vandy/AdaptiveMonitoring/manuscript/fi
gs/sgpvAMexampleAveN.jpeg>]
<~/Dropbox/statistics/work/vandy/AdaptiveMonitoring/manuscript/figs/sgpvAMexamp
leProbMore.jpeg, id=1598, 433.62pt x 389.455pt>
File: ~/Dropbox/statistics/work/vandy/AdaptiveMonitoring/manuscript/figs/sgpvAM
exampleProbMore.jpeg Graphic file (type jpg)

<use ~/Dropbox/statistics/work/vandy/AdaptiveMonitoring/manuscript/figs/sgpvAMe
xampleProbMore.jpeg>
Package pdftex.def Info: ~/Dropbox/statistics/work/vandy/AdaptiveMonitoring/man
uscript/figs/sgpvAMexampleProbMore.jpeg used on input line 1085.
(pdftex.def)             Requested size: 276.559pt x 248.40054pt.

Overfull \vbox (23.75633pt too high) detected at line 1085
 []

[50

 </Users/Chipman/Dropbox/statistics/work/vandy/AdaptiveMonitoring/manuscript/fi
gs/sgpvAMexampleProbMore.jpeg>]
<~/Dropbox/statistics/work/vandy/AdaptiveMonitoring/manuscript/figs/waitTimeRej
PN.jpeg, id=1628, 702.625pt x 702.625pt>
File: ~/Dropbox/statistics/work/vandy/AdaptiveMonitoring/manuscript/figs/waitTi
meRejPN.jpeg Graphic file (type jpg)

<use ~/Dropbox/statistics/work/vandy/AdaptiveMonitoring/manuscript/figs/waitTim
eRejPN.jpeg>
Package pdftex.def Info: ~/Dropbox/statistics/work/vandy/AdaptiveMonitoring/man
uscript/figs/waitTimeRejPN.jpeg used on input line 1091.
(pdftex.def)             Requested size: 245.83665pt x 201.02213pt.
 [51

 </Users/Chipman/Dropbox/statistics/work/vandy/AdaptiveMonitoring/manuscript/fi
gs/waitTimeRejPN.jpeg>]
<~/Dropbox/statistics/work/vandy/AdaptiveMonitoring/manuscript/figs/waitTimeInc
onclusiveThetaDeltaMidPoint.jpeg, id=1657, 702.625pt x 702.625pt>
File: ~/Dropbox/statistics/work/vandy/AdaptiveMonitoring/manuscript/figs/waitTi
meInconclusiveThetaDeltaMidPoint.jpeg Graphic file (type jpg)

<use ~/Dropbox/statistics/work/vandy/AdaptiveMonitoring/manuscript/figs/waitTim
eInconclusiveThetaDeltaMidPoint.jpeg>
Package pdftex.def Info: ~/Dropbox/statistics/work/vandy/AdaptiveMonitoring/man
uscript/figs/waitTimeInconclusiveThetaDeltaMidPoint.jpeg used on input line 109
7.
(pdftex.def)             Requested size: 245.83665pt x 201.02213pt.
 [52

 </Users/Chipman/Dropbox/statistics/work/vandy/AdaptiveMonitoring/manuscript/fi
gs/waitTimeInconclusiveThetaDeltaMidPoint.jpeg>] (./Defense.bbl

Package natbib Warning: Empty `thebibliography' environment on input line 8.

)
Package atenddvi Info: Last page = 53.
 [53

]
\tf@nav=\write7
\openout7 = `Defense.nav'.

\tf@toc=\write8
\openout8 = `Defense.toc'.

\tf@snm=\write9
\openout9 = `Defense.snm'.



Package natbib Warning: There were undefined citations.

Package atveryend Info: Empty hook `BeforeClearDocument' on input line 1164.
Package atveryend Info: Executing hook `AfterLastShipout' on input line 1164.
(./Defense.aux)
Package atveryend Info: Executing hook `AtVeryEndDocument' on input line 1164.
Package atveryend Info: Executing hook `AtEndAfterFileList' on input line 1164.

Package rerunfilecheck Info: File `Defense.out' has not changed.
(rerunfilecheck)             Checksum: 22BA2807976DEE6EF19C1FFE5DA2696D;92.


LaTeX Font Warning: Some font shapes were not available, defaults substituted.

Package atveryend Info: Empty hook `AtVeryVeryEnd' on input line 1164.
 ) 
Here is how much of TeX's memory you used:
 33457 strings out of 493027
 615637 string characters out of 6134069
 657005 words of memory out of 5000000
 36148 multiletter control sequences out of 15000+600000
 36655 words of font info for 73 fonts, out of 8000000 for 9000
 1141 hyphenation exceptions out of 8191
 65i,15n,100p,10409b,619s stack positions out of 5000i,500n,10000p,200000b,80000s
</usr/local/texlive/2015/texmf-dist/fonts/type1/public/amsfonts/cm/cmex10.pfb
></usr/local/texlive/2015/texmf-dist/fonts/type1/public/amsfonts/cm/cmmi10.pfb>
</usr/local/texlive/2015/texmf-dist/fonts/type1/public/amsfonts/cm/cmmi7.pfb></
usr/local/texlive/2015/texmf-dist/fonts/type1/public/amsfonts/cm/cmss10.pfb></u
sr/local/texlive/2015/texmf-dist/fonts/type1/public/amsfonts/cm/cmss12.pfb></us
r/local/texlive/2015/texmf-dist/fonts/type1/public/amsfonts/cm/cmss8.pfb></usr/
local/texlive/2015/texmf-dist/fonts/type1/public/amsfonts/cm/cmss9.pfb></usr/lo
cal/texlive/2015/texmf-dist/fonts/type1/public/amsfonts/cm/cmssbx10.pfb></usr/l
ocal/texlive/2015/texmf-dist/fonts/type1/public/amsfonts/cm/cmssi10.pfb></usr/l
ocal/texlive/2015/texmf-dist/fonts/type1/public/amsfonts/cm/cmssi8.pfb></usr/lo
cal/texlive/2015/texmf-dist/fonts/type1/public/amsfonts/cm/cmsy10.pfb></usr/loc
al/texlive/2015/texmf-dist/fonts/type1/public/amsfonts/cm/cmsy7.pfb></usr/local
/texlive/2015/texmf-dist/fonts/type1/public/amsfonts/symbols/msam5.pfb></usr/lo
cal/texlive/2015/texmf-dist/fonts/type1/public/amsfonts/symbols/msam7.pfb>
Output written on Defense.pdf (53 pages, 3505787 bytes).
PDF statistics:
 1789 PDF objects out of 2073 (max. 8388607)
 1574 compressed objects within 16 object streams
 109 named destinations out of 1000 (max. 500000)
 582 words of extra memory for PDF output out of 10000 (max. 10000000)

